This is pdfTeX, Version 3.14159265-2.6-1.40.18 (TeX Live 2017/W32TeX) (preloaded format=pdflatex 2018.3.15)  19 APR 2019 22:15
entering extended mode
 restricted \write18 enabled.
 %&-line parsing enabled.
**./faceel-tcc.tex
(./faceel-tcc.tex
LaTeX2e <2017-04-15>
Babel <3.10> and hyphenation patterns for 84 language(s) loaded.
(./faceel-abntex2.cls
Document Class: faceel-abntex2 2017/03/11
(c:/texlive/2017/texmf-dist/tex/latex/abntex2/abntex2.cls
Document Class: abntex2 2016/02/26 v-1.9.6 abnTeX2
(c:/texlive/2017/texmf-dist/tex/latex/base/ifthen.sty
Package: ifthen 2014/09/29 v1.1c Standard LaTeX ifthen package (DPC)
)
(c:/texlive/2017/texmf-dist/tex/latex/memoir/memoir.cls
Document Class: memoir 2016/05/16 v3.7f configurable book, report, article docu
ment class
\onelineskip=\skip41
\lxvchars=\skip42
\xlvchars=\skip43
\@memcnta=\count79
\c@@memmarkcntra=\count80
(c:/texlive/2017/texmf-dist/tex/generic/oberdiek/ifpdf.sty
Package: ifpdf 2017/03/15 v3.2 Provides the ifpdf switch
)
(c:/texlive/2017/texmf-dist/tex/latex/ifetex/ifetex.sty
Package: ifetex 2011/12/15 v1.2 ifetex

(c:/texlive/2017/texmf-dist/tex/plain/ifetex/ifetex.tex))
(c:/texlive/2017/texmf-dist/tex/generic/ifxetex/ifxetex.sty
Package: ifxetex 2010/09/12 v0.6 Provides ifxetex conditional
)
(c:/texlive/2017/texmf-dist/tex/generic/oberdiek/ifluatex.sty
Package: ifluatex 2016/05/16 v1.4 Provides the ifluatex switch (HO)
Package ifluatex Info: LuaTeX not detected.
)
\stockheight=\skip44
\stockwidth=\skip45
\trimtop=\skip46
\trimedge=\skip47

(c:/texlive/2017/texmf-dist/tex/latex/memoir/mem12.clo
File: mem12.clo 2010/10/19 v0.4b memoir class 12pt size option
)
\binding=\skip48
\spinemargin=\skip49
\foremargin=\skip50
\uppermargin=\skip51
\lowermargin=\skip52
\headdrop=\skip53
\normalrulethickness=\skip54
\mem@maxheadheight=\skip55
\mem@maxfootheight=\skip56
\headwidth=\skip57
\c@storedpagenumber=\count81
\memPD=\dimen102
\m@mabparskip=\skip58
\thanksmarkwidth=\skip59
\thanksmarksep=\skip60
\droptitle=\skip61
\c@book=\count82
\c@part=\count83
\c@chapter=\count84
\c@section=\count85
\c@subsection=\count86
\c@subsubsection=\count87
\c@paragraph=\count88
\c@subparagraph=\count89
\beforechapskip=\skip62
\midchapskip=\skip63
\afterchapskip=\skip64
\chapindent=\skip65
\bottomsectionskip=\skip66
\secindent=\skip67
\beforesecskip=\skip68
\aftersecskip=\skip69
\subsecindent=\skip70
\beforesubsecskip=\skip71
\aftersubsecskip=\skip72
\subsubsecindent=\skip73
\beforesubsubsecskip=\skip74
\aftersubsubsecskip=\skip75
\paraindent=\skip76
\beforeparaskip=\skip77
\afterparaskip=\skip78
\subparaindent=\skip79
\beforesubparaskip=\skip80
\aftersubparaskip=\skip81
\pfbreakskip=\skip82
\c@@ppsavesec=\count90
\c@@ppsaveapp=\count91
\ragrparindent=\dimen103
\everylistparindent=\dimen104
\parsepi=\skip83
\topsepi=\skip84
\itemsepi=\skip85
\parsepii=\skip86
\topsepii=\skip87
\topsepiii=\skip88
\itemsepii=\skip89
\itemsepiii=\skip90
\partopsepii=\skip91
\partopsepiii=\skip92
\m@msavetopsep=\skip93
\m@msavepartopsep=\skip94
\@enLab=\toks14
\abstitleskip=\skip95
\absleftindent=\skip96
\abs@leftindent=\dimen105
\absrightindent=\skip97
\absparindent=\skip98
\absparsep=\skip99
\c@vslineno=\count92
\c@poemline=\count93
\c@modulo@vs=\count94
\c@memfvsline=\count95
\vleftskip=\skip100
\vrightskip=\skip101
\stanzaskip=\skip102
\versewidth=\skip103
\vgap=\skip104
\vindent=\skip105
\vleftmargin=\dimen106
\c@verse=\count96
\c@chrsinstr=\count97
\beforepoemtitleskip=\skip106
\afterpoemtitleskip=\skip107
\c@poem=\count98
\beforePoemTitleskip=\skip108
\midPoemTitleskip=\skip109
\afterPoemTitleskip=\skip110
\col@sep=\dimen107
\extrarowheight=\dimen108
\NC@list=\toks15
\extratabsurround=\skip111
\backup@length=\skip112
\TX@col@width=\dimen109
\TX@old@table=\dimen110
\TX@old@col=\dimen111
\TX@target=\dimen112
\TX@delta=\dimen113
\TX@cols=\count99
\TX@ftn=\toks16
\heavyrulewidth=\dimen114
\lightrulewidth=\dimen115
\cmidrulewidth=\dimen116
\belowrulesep=\dimen117
\belowbottomsep=\dimen118
\aboverulesep=\dimen119
\abovetopsep=\dimen120
\cmidrulesep=\dimen121
\cmidrulekern=\dimen122
\defaultaddspace=\dimen123
\@cmidla=\count100
\@cmidlb=\count101
\@aboverulesep=\dimen124
\@belowrulesep=\dimen125
\@thisruleclass=\count102
\@lastruleclass=\count103
\@thisrulewidth=\dimen126
\ctableftskip=\skip113
\ctabrightskip=\skip114
\abovecolumnspenalty=\count104
\@linestogo=\count105
\@cellstogo=\count106
\@cellsincolumn=\count107
\crtok=\toks17
\@mincolumnwidth=\dimen127
\c@newflo@tctr=\count108
\mem@margin@floatbox=\box26
\@contcwidth=\skip115
\@contindw=\skip116
\abovecaptionskip=\skip117
\belowcaptionskip=\skip118
\subfloattopskip=\skip119
\subfloatcapskip=\skip120
\subfloatcaptopadj=\skip121
\subfloatbottomskip=\skip122
\subfloatlabelskip=\skip123
\subfloatcapmargin=\dimen128
\c@@contsubnum=\count109
\m@mscap@capbox=\box27
\m@mscap@fbox=\box28
\sidecapsep=\dimen129
\sidecapwidth=\dimen130
\m@m@tempdima=\dimen131
\m@mscapraise=\dimen132
\sidecapraise=\dimen133
\m@mscapmainwidth=\dimen134
\m@mscaplkern=\dimen135
\beforeepigraphskip=\skip124
\afterepigraphskip=\skip125
\epigraphwidth=\skip126
\epigraphrule=\skip127
LaTeX Info: Redefining \em on input line 7551.
LaTeX Info: Redefining \emph on input line 7559.
\tocentryskip=\skip128
\tocbaseline=\skip129
\cftparskip=\skip130
\cftbeforebookskip=\skip131
\cftbookindent=\dimen136
\cftbooknumwidth=\dimen137
\cftbeforepartskip=\skip132
\cftpartindent=\skip133
\cftpartnumwidth=\skip134
\cftbeforechapterskip=\skip135
\cftchapterindent=\skip136
\cftchapternumwidth=\skip137
\cftbeforesectionskip=\skip138
\cftsectionindent=\skip139
\cftsectionnumwidth=\skip140
\cftbeforesubsectionskip=\skip141
\cftsubsectionindent=\skip142
\cftsubsectionnumwidth=\skip143
\cftbeforesubsubsectionskip=\skip144
\cftsubsubsectionindent=\skip145
\cftsubsubsectionnumwidth=\skip146
\cftbeforeparagraphskip=\skip147
\cftparagraphindent=\skip148
\cftparagraphnumwidth=\skip149
\cftbeforesubparagraphskip=\skip150
\cftsubparagraphindent=\skip151
\cftsubparagraphnumwidth=\skip152
\prechapterprecisshift=\dimen138
\c@maxsecnumdepth=\count110
\bibindent=\dimen139
\bibitemsep=\skip153
\indexcolsep=\skip154
\indexrule=\skip155
\indexmarkstyle=\toks18
\@indexbox=\insert199
\glossarycolsep=\dimen140
\glossaryrule=\dimen141
\sideparvshift=\skip156
\sideins=\insert198
\sidebartopsep=\skip157
\sidebarhsep=\skip158
\sidebarvsep=\skip159
\sidebarwidth=\skip160
\footmarkwidth=\skip161
\footmarksep=\skip162
\footparindent=\skip163
\footinsdim=\skip164
\footinsv@r=\insert197
\@mpfootinsv@r=\insert196
\m@m@k=\count111
\m@m@h=\dimen142
\m@mipn@skip=\skip165
\sidefootins=\insert195
\sidefootadjust=\skip166
\sidefootheight=\skip167
\sidefoothsep=\skip168
\sidefootvsep=\skip169
\sidefootwidth=\skip170
\m@mdownsf=\skip171
\c@sidefootnote=\count112
\sidefootmarkwidth=\skip172
\sidefootmarksep=\skip173
\sidefootparindent=\skip174
\c@pagenote=\count113
\c@pagenoteshadow=\count114
\mem@pn@lastkern=\skip175
\every@verbatim=\toks19
\afterevery@verbatim=\toks20
\verbatim@line=\toks21
\tab@position=\count115
\verbatim@in@stream=\read1
\verbatimindent=\skip176
\verbatim@out=\write3
\bvboxsep=\skip177
\c@memfbvline=\count116
\c@bvlinectr=\count117
\bvnumlength=\skip178
\fb@frw=\dimen143
\fb@frh=\dimen144
\FrameRule=\dimen145
\FrameSep=\dimen146
\c@cp@cntr=\count118
LaTeX Info: Redefining \: on input line 12068.
LaTeX Info: Redefining \! on input line 12070.
\c@ism@mctr=\count119
\c@xsm@mctr=\count120
\c@csm@mctr=\count121
\c@ksm@mctr=\count122
\c@xksm@mctr=\count123
\c@cksm@mctr=\count124
\c@msm@mctr=\count125
\c@xmsm@mctr=\count126
\c@cmsm@mctr=\count127
\c@bsm@mctr=\count128
\c@workm@mctr=\count129
\c@sheetsequence=\count130
\c@lastsheet=\count131
\c@lastpage=\count132
\c@figure=\count133
\c@lofdepth=\count134
\cftbeforefigureskip=\skip179
\cftfigureindent=\skip180
\cftfigurenumwidth=\skip181
\c@table=\count135
\c@lotdepth=\count136
\cftbeforetableskip=\skip182
\cfttableindent=\skip183
\cfttablenumwidth=\skip184
Package abstract [2008/07/23] emulated by memoir.
Package appendix [2008/07/23] emulated by memoir.
Package array [2008/09/09] emulated by memoir.
Package booktabs [2016/05/16] emulated by memoir.
Package ccaption [2008/07/23] emulated by memoir.
Package changepage [2008/07/23] emulated by memoir.
Package chngcntr [2008/07/23] emulated by memoir.
Package chngpage [2008/07/23] emulated by memoir.
Package crop emulated by memoir.
Package dcolumn [2008/07/23] emulated by memoir.
Package delarray [2008/07/23] emulated by memoir.
Package enumerate [2008/07/23] emulated by memoir.
Package epigraph [2008/07/23] emulated by memoir.
Package ifmtarg [2008/07/23] emulated by memoir.
Package index [2008/07/23] emulated by memoir.
Package makeidx [2008/07/23] emulated by memoir.
Package moreverb [2008/07/23] emulated by memoir.
Package mparhack [2008/07/23] emulated by memoir.
Package needspace [2008/07/23] emulated by memoir.
Package newfile [2008/07/23] emulated by memoir.
Package nextpage [2008/07/23] emulated by memoir.
Package pagenote [2008/07/23] emulated by memoir.
Package parskip [2008/07/23] emulated by memoir.
Package patchcmd [2008/07/23] emulated by memoir.
Package setspace [2008/07/23] emulated by memoir.
Package shortvrb [2008/07/23] emulated by memoir.
Package showidx [2008/07/23] emulated by memoir.
Package tabularx [2008/07/23] emulated by memoir.
Package titleref [2008/07/23] emulated by memoir.
Package titling [2008/07/23] emulated by memoir.
Package tocbibind [2008/07/23] emulated by memoir.
Package tocloft [2008/07/23] emulated by memoir.
Package tocvsec2 [2008/07/23] emulated by memoir.
Package verbatim [2008/07/23] emulated by memoir.
Package verse [2008/07/23] emulated by memoir.

(c:/texlive/2017/texmf-dist/tex/latex/memoir/mempatch.sty
Package: mempatch 2009/07/24 v6.0f Patches for memoir class v1.6180339
))
(c:/texlive/2017/texmf-dist/tex/latex/textcase/textcase.sty
Package: textcase 2004/10/07 v0.07 Text only upper/lower case changing (DPC)
LaTeX Info: Redefining \MakeTextUppercase on input line 47.
LaTeX Info: Redefining \MakeTextLowercase on input line 50.
)
(c:/texlive/2017/texmf-dist/tex/latex/hyperref/hyperref.sty
Package: hyperref 2017/03/14 v6.85a Hypertext links for LaTeX

(c:/texlive/2017/texmf-dist/tex/generic/oberdiek/hobsub-hyperref.sty
Package: hobsub-hyperref 2016/05/16 v1.14 Bundle oberdiek, subset hyperref (HO)


(c:/texlive/2017/texmf-dist/tex/generic/oberdiek/hobsub-generic.sty
Package: hobsub-generic 2016/05/16 v1.14 Bundle oberdiek, subset generic (HO)
Package: hobsub 2016/05/16 v1.14 Construct package bundles (HO)
Package: infwarerr 2016/05/16 v1.4 Providing info/warning/error messages (HO)
Package: ltxcmds 2016/05/16 v1.23 LaTeX kernel commands for general use (HO)
Package hobsub Info: Skipping package `ifluatex' (already loaded).
Package: ifvtex 2016/05/16 v1.6 Detect VTeX and its facilities (HO)
Package ifvtex Info: VTeX not detected.
Package: intcalc 2016/05/16 v1.2 Expandable calculations with integers (HO)
Package hobsub Info: Skipping package `ifpdf' (already loaded).
Package: etexcmds 2016/05/16 v1.6 Avoid name clashes with e-TeX commands (HO)
Package etexcmds Info: Could not find \expanded.
(etexcmds)             That can mean that you are not using pdfTeX 1.50 or
(etexcmds)             that some package has redefined \expanded.
(etexcmds)             In the latter case, load this package earlier.
Package: kvsetkeys 2016/05/16 v1.17 Key value parser (HO)
Package: kvdefinekeys 2016/05/16 v1.4 Define keys (HO)
Package: pdftexcmds 2017/03/19 v0.25 Utility functions of pdfTeX for LuaTeX (HO
)
Package pdftexcmds Info: LuaTeX not detected.
Package pdftexcmds Info: \pdf@primitive is available.
Package pdftexcmds Info: \pdf@ifprimitive is available.
Package pdftexcmds Info: \pdfdraftmode found.
Package: pdfescape 2016/05/16 v1.14 Implements pdfTeX's escape features (HO)
Package: bigintcalc 2016/05/16 v1.4 Expandable calculations on big integers (HO
)
Package: bitset 2016/05/16 v1.2 Handle bit-vector datatype (HO)
Package: uniquecounter 2016/05/16 v1.3 Provide unlimited unique counter (HO)
)
Package hobsub Info: Skipping package `hobsub' (already loaded).
Package: letltxmacro 2016/05/16 v1.5 Let assignment for LaTeX macros (HO)
Package: hopatch 2016/05/16 v1.3 Wrapper for package hooks (HO)
Package: xcolor-patch 2016/05/16 xcolor patch
Package: atveryend 2016/05/16 v1.9 Hooks at the very end of document (HO)
Package atveryend Info: \enddocument detected (standard20110627).
Package: atbegshi 2016/06/09 v1.18 At begin shipout hook (HO)
Package: refcount 2016/05/16 v3.5 Data extraction from label references (HO)
Package: hycolor 2016/05/16 v1.8 Color options for hyperref/bookmark (HO)
)
(c:/texlive/2017/texmf-dist/tex/latex/graphics/keyval.sty
Package: keyval 2014/10/28 v1.15 key=value parser (DPC)
\KV@toks@=\toks22
)
(c:/texlive/2017/texmf-dist/tex/latex/oberdiek/auxhook.sty
Package: auxhook 2016/05/16 v1.4 Hooks for auxiliary files (HO)
)
(c:/texlive/2017/texmf-dist/tex/latex/oberdiek/kvoptions.sty
Package: kvoptions 2016/05/16 v3.12 Key value format for package options (HO)
)
\@linkdim=\dimen147
\Hy@linkcounter=\count137
\Hy@pagecounter=\count138

(c:/texlive/2017/texmf-dist/tex/latex/hyperref/pd1enc.def
File: pd1enc.def 2017/03/14 v6.85a Hyperref: PDFDocEncoding definition (HO)
)
\Hy@SavedSpaceFactor=\count139

(c:/texlive/2017/texmf-dist/tex/latex/latexconfig/hyperref.cfg
File: hyperref.cfg 2002/06/06 v1.2 hyperref configuration of TeXLive
)
Package hyperref Info: Hyper figures OFF on input line 4498.
Package hyperref Info: Link nesting OFF on input line 4503.
Package hyperref Info: Hyper index ON on input line 4506.
Package hyperref Info: Plain pages OFF on input line 4513.
Package hyperref Info: Backreferencing OFF on input line 4518.
Package hyperref Info: Implicit mode ON; LaTeX internals redefined.
Package hyperref Info: Bookmarks ON on input line 4751.
\c@Hy@tempcnt=\count140

(c:/texlive/2017/texmf-dist/tex/latex/url/url.sty
\Urlmuskip=\muskip10
Package: url 2013/09/16  ver 3.4  Verb mode for urls, etc.
)
LaTeX Info: Redefining \url on input line 5104.
\XeTeXLinkMargin=\dimen148
\Fld@menulength=\count141
\Field@Width=\dimen149
\Fld@charsize=\dimen150
Package hyperref Info: Hyper figures OFF on input line 6358.
Package hyperref Info: Link nesting OFF on input line 6363.
Package hyperref Info: Hyper index ON on input line 6366.
Package hyperref Info: backreferencing OFF on input line 6373.
Package hyperref Info: Link coloring OFF on input line 6378.
Package hyperref Info: Link coloring with OCG OFF on input line 6383.
Package hyperref Info: PDF/A mode OFF on input line 6388.
LaTeX Info: Redefining \ref on input line 6428.
LaTeX Info: Redefining \pageref on input line 6432.
\Hy@abspage=\count142
\c@Item=\count143
\c@Hfootnote=\count144
)
(c:/texlive/2017/texmf-dist/tex/latex/memoir/memhfixc.sty
Package: memhfixc 2013/05/30 v1.17 nameref/hyperref package fixes for memoir cl
ass
\c@memhycontfloat=\count145
\c@Hpagenote=\count146
)

Package hyperref Message: Driver (autodetected): hpdftex.

(c:/texlive/2017/texmf-dist/tex/latex/hyperref/hpdftex.def
File: hpdftex.def 2017/03/14 v6.85a Hyperref driver for pdfTeX
\Fld@listcount=\count147
\c@bookmark@seq@number=\count148

(c:/texlive/2017/texmf-dist/tex/latex/oberdiek/rerunfilecheck.sty
Package: rerunfilecheck 2016/05/16 v1.8 Rerun checks for auxiliary files (HO)
Package uniquecounter Info: New unique counter `rerunfilecheck' on input line 2
82.
)
\Hy@SectionHShift=\skip185
)
(c:/texlive/2017/texmf-dist/tex/latex/oberdiek/bookmark.sty
Package: bookmark 2016/05/17 v1.26 PDF bookmarks (HO)

(c:/texlive/2017/texmf-dist/tex/latex/oberdiek/bkm-pdftex.def
File: bkm-pdftex.def 2016/05/17 v1.26 bookmark driver for pdfTeX (HO)
\BKM@id=\count149
))
(c:/texlive/2017/texmf-dist/tex/generic/babel/babel.sty
Package: babel 2017/05/19 3.10 The Babel package

(c:/texlive/2017/texmf-dist/tex/generic/babel-portuges/portuges.ldf
Language: portuges 2008/03/18 v1.2q Portuguese support from the babel system

(c:/texlive/2017/texmf-dist/tex/generic/babel/babel.def
File: babel.def 2017/05/19 3.10 Babel common definitions
\babel@savecnt=\count150
\U@D=\dimen151
)
\l@brazil = a dialect from \language\l@portuges 
Package babel Info: Making " an active character on input line 145.
))
(c:/texlive/2017/texmf-dist/tex/latex/enumitem/enumitem.sty
Package: enumitem 2011/09/28 v3.5.2 Customized lists
\labelindent=\skip186
\enit@outerparindent=\dimen152
\enit@toks=\toks23
\enit@inbox=\box29
\enitdp@description=\count151
)
(c:/texlive/2017/texmf-dist/tex/latex/tools/calc.sty
Package: calc 2014/10/28 v4.3 Infix arithmetic (KKT,FJ)
\calc@Acount=\count152
\calc@Bcount=\count153
\calc@Adimen=\dimen153
\calc@Bdimen=\dimen154
\calc@Askip=\skip187
\calc@Bskip=\skip188
LaTeX Info: Redefining \setlength on input line 80.
LaTeX Info: Redefining \addtolength on input line 81.
\calc@Ccount=\count154
\calc@Cskip=\skip189
)

******************************************************
Stock height and width: 845.04684pt by 597.50787pt
Top and edge trims: 0pt and 0pt
Page height and width: 845.04684pt by 597.50787pt
Text height and width: 708pt by 455pt
Spine and edge margins: 85.35826pt and 56.9055pt
Upper and lower margins: 85.35826pt and 51.68858pt
Headheight and headsep: 14.5pt and 19.8738pt
Footskip: 30pt
Columnsep and columnseprule: 10pt and 0pt
Marginparsep and marginparwidth: 7pt and 42.9055pt
Sidecapsep and sidecapwidth: 7pt and 42pt
Sidebarhsep and sidebarwidth: 7pt and 42pt
Sidebarvsep and sidebartopsep: 14.5pt and 0pt
Sidebarheight: 590.14995pt
Sidefoothsep and sidefootwidth: 7pt and 42pt
Sidefootvsep and sidefootheight: 14.5pt and 590.14995pt
******************************************************

\c@abntex@bookmarkcounter=\count155
\cftlastnumwidth=\skip190
\chapternamenumlength=\skip191
\ABNTEXcitacaorecuo=\skip192
\c@alineasi=\count156
\c@alineasii=\count157
\enitdp@alineas=\count158
\c@subalineasi=\count159
\enitdp@subalineas=\count160
\c@incisosi=\count161
\enitdp@incisos=\count162
\ABNTEXsignwidth=\skip193
\ABNTEXsignthickness=\skip194
\ABNTEXsignskip=\skip256
) (c:/texlive/2017/texmf-dist/tex/latex/hyperref/backref.sty
Package: backref 2016/05/21 v1.39 Bibliographical back referencing
)
\c@quadro=\count163
\c@loqdepth=\count164
\cftbeforequadroskip=\skip257
\cftquadroindent=\skip258
\cftquadronumwidth=\skip259


******************************************************
Stock height and width: 845.04684pt by 597.50787pt
Top and edge trims: 0pt and 0pt
Page height and width: 845.04684pt by 597.50787pt
Text height and width: 713.78398pt by 455pt
Spine and edge margins: 85.35826pt and 56.9055pt
Upper and lower margins: 85.35826pt and 45.9046pt
Headheight and headsep: 14.5pt and 19.8738pt
Footskip: 30pt
Columnsep and columnseprule: 10pt and 0pt
Marginparsep and marginparwidth: 7pt and 42.9055pt
Sidecapsep and sidecapwidth: 7pt and 42pt
Sidebarhsep and sidebarwidth: 7pt and 42pt
Sidebarvsep and sidebartopsep: 14.5pt and 0pt
Sidebarheight: 590.14995pt
Sidefoothsep and sidefootwidth: 7pt and 42pt
Sidefootvsep and sidefootheight: 14.5pt and 590.14995pt
******************************************************

) (c:/texlive/2017/texmf-dist/tex/latex/abntex2/abntex2cite.sty
Package: abntex2cite 2016/02/26 v-1.9.6 abnTeX2

(c:/texlive/2017/texmf-dist/tex/latex/abntex2/abntex2abrev.sty)
\minimumbiblabelwidth=\skip260
\ABCIauxlen=\skip261
\c@ABCIaux=\count165
\c@ABCImax=\count166

(c:/texlive/2017/texmf-dist/tex/latex/relsize/relsize.sty
Package: relsize 2013/03/29 ver 4.1
)
\biblabelsep=\skip262
LaTeX Info: Redefining \newblock on input line 591.
LaTeX Info: Redefining \cite on input line 618.
\ABCItoken=\toks24
)
(c:/texlive/2017/texmf-dist/tex/latex/base/inputenc.sty
Package: inputenc 2015/03/17 v1.2c Input encoding file
\inpenc@prehook=\toks25
\inpenc@posthook=\toks26

(c:/texlive/2017/texmf-dist/tex/latex/base/utf8.def
File: utf8.def 2017/01/28 v1.1t UTF-8 support for inputenc
Now handling font encoding OML ...
... no UTF-8 mapping file for font encoding OML
Now handling font encoding T1 ...
... processing UTF-8 mapping file for font encoding T1

(c:/texlive/2017/texmf-dist/tex/latex/base/t1enc.dfu
File: t1enc.dfu 2017/01/28 v1.1t UTF-8 support for inputenc
   defining Unicode char U+00A0 (decimal 160)
   defining Unicode char U+00A1 (decimal 161)
   defining Unicode char U+00A3 (decimal 163)
   defining Unicode char U+00AB (decimal 171)
   defining Unicode char U+00AD (decimal 173)
   defining Unicode char U+00BB (decimal 187)
   defining Unicode char U+00BF (decimal 191)
   defining Unicode char U+00C0 (decimal 192)
   defining Unicode char U+00C1 (decimal 193)
   defining Unicode char U+00C2 (decimal 194)
   defining Unicode char U+00C3 (decimal 195)
   defining Unicode char U+00C4 (decimal 196)
   defining Unicode char U+00C5 (decimal 197)
   defining Unicode char U+00C6 (decimal 198)
   defining Unicode char U+00C7 (decimal 199)
   defining Unicode char U+00C8 (decimal 200)
   defining Unicode char U+00C9 (decimal 201)
   defining Unicode char U+00CA (decimal 202)
   defining Unicode char U+00CB (decimal 203)
   defining Unicode char U+00CC (decimal 204)
   defining Unicode char U+00CD (decimal 205)
   defining Unicode char U+00CE (decimal 206)
   defining Unicode char U+00CF (decimal 207)
   defining Unicode char U+00D0 (decimal 208)
   defining Unicode char U+00D1 (decimal 209)
   defining Unicode char U+00D2 (decimal 210)
   defining Unicode char U+00D3 (decimal 211)
   defining Unicode char U+00D4 (decimal 212)
   defining Unicode char U+00D5 (decimal 213)
   defining Unicode char U+00D6 (decimal 214)
   defining Unicode char U+00D8 (decimal 216)
   defining Unicode char U+00D9 (decimal 217)
   defining Unicode char U+00DA (decimal 218)
   defining Unicode char U+00DB (decimal 219)
   defining Unicode char U+00DC (decimal 220)
   defining Unicode char U+00DD (decimal 221)
   defining Unicode char U+00DE (decimal 222)
   defining Unicode char U+00DF (decimal 223)
   defining Unicode char U+00E0 (decimal 224)
   defining Unicode char U+00E1 (decimal 225)
   defining Unicode char U+00E2 (decimal 226)
   defining Unicode char U+00E3 (decimal 227)
   defining Unicode char U+00E4 (decimal 228)
   defining Unicode char U+00E5 (decimal 229)
   defining Unicode char U+00E6 (decimal 230)
   defining Unicode char U+00E7 (decimal 231)
   defining Unicode char U+00E8 (decimal 232)
   defining Unicode char U+00E9 (decimal 233)
   defining Unicode char U+00EA (decimal 234)
   defining Unicode char U+00EB (decimal 235)
   defining Unicode char U+00EC (decimal 236)
   defining Unicode char U+00ED (decimal 237)
   defining Unicode char U+00EE (decimal 238)
   defining Unicode char U+00EF (decimal 239)
   defining Unicode char U+00F0 (decimal 240)
   defining Unicode char U+00F1 (decimal 241)
   defining Unicode char U+00F2 (decimal 242)
   defining Unicode char U+00F3 (decimal 243)
   defining Unicode char U+00F4 (decimal 244)
   defining Unicode char U+00F5 (decimal 245)
   defining Unicode char U+00F6 (decimal 246)
   defining Unicode char U+00F8 (decimal 248)
   defining Unicode char U+00F9 (decimal 249)
   defining Unicode char U+00FA (decimal 250)
   defining Unicode char U+00FB (decimal 251)
   defining Unicode char U+00FC (decimal 252)
   defining Unicode char U+00FD (decimal 253)
   defining Unicode char U+00FE (decimal 254)
   defining Unicode char U+00FF (decimal 255)
   defining Unicode char U+0100 (decimal 256)
   defining Unicode char U+0101 (decimal 257)
   defining Unicode char U+0102 (decimal 258)
   defining Unicode char U+0103 (decimal 259)
   defining Unicode char U+0104 (decimal 260)
   defining Unicode char U+0105 (decimal 261)
   defining Unicode char U+0106 (decimal 262)
   defining Unicode char U+0107 (decimal 263)
   defining Unicode char U+0108 (decimal 264)
   defining Unicode char U+0109 (decimal 265)
   defining Unicode char U+010A (decimal 266)
   defining Unicode char U+010B (decimal 267)
   defining Unicode char U+010C (decimal 268)
   defining Unicode char U+010D (decimal 269)
   defining Unicode char U+010E (decimal 270)
   defining Unicode char U+010F (decimal 271)
   defining Unicode char U+0110 (decimal 272)
   defining Unicode char U+0111 (decimal 273)
   defining Unicode char U+0112 (decimal 274)
   defining Unicode char U+0113 (decimal 275)
   defining Unicode char U+0114 (decimal 276)
   defining Unicode char U+0115 (decimal 277)
   defining Unicode char U+0116 (decimal 278)
   defining Unicode char U+0117 (decimal 279)
   defining Unicode char U+0118 (decimal 280)
   defining Unicode char U+0119 (decimal 281)
   defining Unicode char U+011A (decimal 282)
   defining Unicode char U+011B (decimal 283)
   defining Unicode char U+011C (decimal 284)
   defining Unicode char U+011D (decimal 285)
   defining Unicode char U+011E (decimal 286)
   defining Unicode char U+011F (decimal 287)
   defining Unicode char U+0120 (decimal 288)
   defining Unicode char U+0121 (decimal 289)
   defining Unicode char U+0122 (decimal 290)
   defining Unicode char U+0123 (decimal 291)
   defining Unicode char U+0124 (decimal 292)
   defining Unicode char U+0125 (decimal 293)
   defining Unicode char U+0128 (decimal 296)
   defining Unicode char U+0129 (decimal 297)
   defining Unicode char U+012A (decimal 298)
   defining Unicode char U+012B (decimal 299)
   defining Unicode char U+012C (decimal 300)
   defining Unicode char U+012D (decimal 301)
   defining Unicode char U+012E (decimal 302)
   defining Unicode char U+012F (decimal 303)
   defining Unicode char U+0130 (decimal 304)
   defining Unicode char U+0131 (decimal 305)
   defining Unicode char U+0132 (decimal 306)
   defining Unicode char U+0133 (decimal 307)
   defining Unicode char U+0134 (decimal 308)
   defining Unicode char U+0135 (decimal 309)
   defining Unicode char U+0136 (decimal 310)
   defining Unicode char U+0137 (decimal 311)
   defining Unicode char U+0139 (decimal 313)
   defining Unicode char U+013A (decimal 314)
   defining Unicode char U+013B (decimal 315)
   defining Unicode char U+013C (decimal 316)
   defining Unicode char U+013D (decimal 317)
   defining Unicode char U+013E (decimal 318)
   defining Unicode char U+0141 (decimal 321)
   defining Unicode char U+0142 (decimal 322)
   defining Unicode char U+0143 (decimal 323)
   defining Unicode char U+0144 (decimal 324)
   defining Unicode char U+0145 (decimal 325)
   defining Unicode char U+0146 (decimal 326)
   defining Unicode char U+0147 (decimal 327)
   defining Unicode char U+0148 (decimal 328)
   defining Unicode char U+014A (decimal 330)
   defining Unicode char U+014B (decimal 331)
   defining Unicode char U+014C (decimal 332)
   defining Unicode char U+014D (decimal 333)
   defining Unicode char U+014E (decimal 334)
   defining Unicode char U+014F (decimal 335)
   defining Unicode char U+0150 (decimal 336)
   defining Unicode char U+0151 (decimal 337)
   defining Unicode char U+0152 (decimal 338)
   defining Unicode char U+0153 (decimal 339)
   defining Unicode char U+0154 (decimal 340)
   defining Unicode char U+0155 (decimal 341)
   defining Unicode char U+0156 (decimal 342)
   defining Unicode char U+0157 (decimal 343)
   defining Unicode char U+0158 (decimal 344)
   defining Unicode char U+0159 (decimal 345)
   defining Unicode char U+015A (decimal 346)
   defining Unicode char U+015B (decimal 347)
   defining Unicode char U+015C (decimal 348)
   defining Unicode char U+015D (decimal 349)
   defining Unicode char U+015E (decimal 350)
   defining Unicode char U+015F (decimal 351)
   defining Unicode char U+0160 (decimal 352)
   defining Unicode char U+0161 (decimal 353)
   defining Unicode char U+0162 (decimal 354)
   defining Unicode char U+0163 (decimal 355)
   defining Unicode char U+0164 (decimal 356)
   defining Unicode char U+0165 (decimal 357)
   defining Unicode char U+0168 (decimal 360)
   defining Unicode char U+0169 (decimal 361)
   defining Unicode char U+016A (decimal 362)
   defining Unicode char U+016B (decimal 363)
   defining Unicode char U+016C (decimal 364)
   defining Unicode char U+016D (decimal 365)
   defining Unicode char U+016E (decimal 366)
   defining Unicode char U+016F (decimal 367)
   defining Unicode char U+0170 (decimal 368)
   defining Unicode char U+0171 (decimal 369)
   defining Unicode char U+0172 (decimal 370)
   defining Unicode char U+0173 (decimal 371)
   defining Unicode char U+0174 (decimal 372)
   defining Unicode char U+0175 (decimal 373)
   defining Unicode char U+0176 (decimal 374)
   defining Unicode char U+0177 (decimal 375)
   defining Unicode char U+0178 (decimal 376)
   defining Unicode char U+0179 (decimal 377)
   defining Unicode char U+017A (decimal 378)
   defining Unicode char U+017B (decimal 379)
   defining Unicode char U+017C (decimal 380)
   defining Unicode char U+017D (decimal 381)
   defining Unicode char U+017E (decimal 382)
   defining Unicode char U+01CD (decimal 461)
   defining Unicode char U+01CE (decimal 462)
   defining Unicode char U+01CF (decimal 463)
   defining Unicode char U+01D0 (decimal 464)
   defining Unicode char U+01D1 (decimal 465)
   defining Unicode char U+01D2 (decimal 466)
   defining Unicode char U+01D3 (decimal 467)
   defining Unicode char U+01D4 (decimal 468)
   defining Unicode char U+01E2 (decimal 482)
   defining Unicode char U+01E3 (decimal 483)
   defining Unicode char U+01E6 (decimal 486)
   defining Unicode char U+01E7 (decimal 487)
   defining Unicode char U+01E8 (decimal 488)
   defining Unicode char U+01E9 (decimal 489)
   defining Unicode char U+01EA (decimal 490)
   defining Unicode char U+01EB (decimal 491)
   defining Unicode char U+01F0 (decimal 496)
   defining Unicode char U+01F4 (decimal 500)
   defining Unicode char U+01F5 (decimal 501)
   defining Unicode char U+0218 (decimal 536)
   defining Unicode char U+0219 (decimal 537)
   defining Unicode char U+021A (decimal 538)
   defining Unicode char U+021B (decimal 539)
   defining Unicode char U+0232 (decimal 562)
   defining Unicode char U+0233 (decimal 563)
   defining Unicode char U+1E02 (decimal 7682)
   defining Unicode char U+1E03 (decimal 7683)
   defining Unicode char U+200C (decimal 8204)
   defining Unicode char U+2010 (decimal 8208)
   defining Unicode char U+2011 (decimal 8209)
   defining Unicode char U+2012 (decimal 8210)
   defining Unicode char U+2013 (decimal 8211)
   defining Unicode char U+2014 (decimal 8212)
   defining Unicode char U+2015 (decimal 8213)
   defining Unicode char U+2018 (decimal 8216)
   defining Unicode char U+2019 (decimal 8217)
   defining Unicode char U+201A (decimal 8218)
   defining Unicode char U+201C (decimal 8220)
   defining Unicode char U+201D (decimal 8221)
   defining Unicode char U+201E (decimal 8222)
   defining Unicode char U+2030 (decimal 8240)
   defining Unicode char U+2031 (decimal 8241)
   defining Unicode char U+2039 (decimal 8249)
   defining Unicode char U+203A (decimal 8250)
   defining Unicode char U+2423 (decimal 9251)
   defining Unicode char U+1E20 (decimal 7712)
   defining Unicode char U+1E21 (decimal 7713)
)
Now handling font encoding OT1 ...
... processing UTF-8 mapping file for font encoding OT1

(c:/texlive/2017/texmf-dist/tex/latex/base/ot1enc.dfu
File: ot1enc.dfu 2017/01/28 v1.1t UTF-8 support for inputenc
   defining Unicode char U+00A0 (decimal 160)
   defining Unicode char U+00A1 (decimal 161)
   defining Unicode char U+00A3 (decimal 163)
   defining Unicode char U+00AD (decimal 173)
   defining Unicode char U+00B8 (decimal 184)
   defining Unicode char U+00BF (decimal 191)
   defining Unicode char U+00C5 (decimal 197)
   defining Unicode char U+00C6 (decimal 198)
   defining Unicode char U+00D8 (decimal 216)
   defining Unicode char U+00DF (decimal 223)
   defining Unicode char U+00E6 (decimal 230)
   defining Unicode char U+00EC (decimal 236)
   defining Unicode char U+00ED (decimal 237)
   defining Unicode char U+00EE (decimal 238)
   defining Unicode char U+00EF (decimal 239)
   defining Unicode char U+00F8 (decimal 248)
   defining Unicode char U+0131 (decimal 305)
   defining Unicode char U+0141 (decimal 321)
   defining Unicode char U+0142 (decimal 322)
   defining Unicode char U+0152 (decimal 338)
   defining Unicode char U+0153 (decimal 339)
   defining Unicode char U+0174 (decimal 372)
   defining Unicode char U+0175 (decimal 373)
   defining Unicode char U+0176 (decimal 374)
   defining Unicode char U+0177 (decimal 375)
   defining Unicode char U+0218 (decimal 536)
   defining Unicode char U+0219 (decimal 537)
   defining Unicode char U+021A (decimal 538)
   defining Unicode char U+021B (decimal 539)
   defining Unicode char U+2013 (decimal 8211)
   defining Unicode char U+2014 (decimal 8212)
   defining Unicode char U+2018 (decimal 8216)
   defining Unicode char U+2019 (decimal 8217)
   defining Unicode char U+201C (decimal 8220)
   defining Unicode char U+201D (decimal 8221)
)
Now handling font encoding OMS ...
... processing UTF-8 mapping file for font encoding OMS

(c:/texlive/2017/texmf-dist/tex/latex/base/omsenc.dfu
File: omsenc.dfu 2017/01/28 v1.1t UTF-8 support for inputenc
   defining Unicode char U+00A7 (decimal 167)
   defining Unicode char U+00B6 (decimal 182)
   defining Unicode char U+00B7 (decimal 183)
   defining Unicode char U+2020 (decimal 8224)
   defining Unicode char U+2021 (decimal 8225)
   defining Unicode char U+2022 (decimal 8226)
)
Now handling font encoding OMX ...
... no UTF-8 mapping file for font encoding OMX
Now handling font encoding U ...
... no UTF-8 mapping file for font encoding U
Now handling font encoding PD1 ...
... no UTF-8 mapping file for font encoding PD1
   defining Unicode char U+00A9 (decimal 169)
   defining Unicode char U+00AA (decimal 170)
   defining Unicode char U+00AE (decimal 174)
   defining Unicode char U+00BA (decimal 186)
   defining Unicode char U+02C6 (decimal 710)
   defining Unicode char U+02DC (decimal 732)
   defining Unicode char U+200C (decimal 8204)
   defining Unicode char U+2026 (decimal 8230)
   defining Unicode char U+2122 (decimal 8482)
   defining Unicode char U+2423 (decimal 9251)
))
(c:/texlive/2017/texmf-dist/tex/latex/base/fontenc.sty
Package: fontenc 2017/04/05 v2.0i Standard LaTeX package

(c:/texlive/2017/texmf-dist/tex/latex/base/t1enc.def
File: t1enc.def 2017/04/05 v2.0i Standard LaTeX file
LaTeX Font Info:    Redeclaring font encoding T1 on input line 48.
))
(c:/texlive/2017/texmf-dist/tex/latex/graphics/color.sty
Package: color 2016/07/10 v1.1e Standard LaTeX Color (DPC)

(c:/texlive/2017/texmf-dist/tex/latex/graphics-cfg/color.cfg
File: color.cfg 2016/01/02 v1.6 sample color configuration
)
Package color Info: Driver file: pdftex.def on input line 147.

(c:/texlive/2017/texmf-dist/tex/latex/graphics-def/pdftex.def
File: pdftex.def 2017/01/12 v0.06k Graphics/color for pdfTeX
\Gread@gobject=\count167
))
(c:/texlive/2017/texmf-dist/tex/latex/colortbl/colortbl.sty
Package: colortbl 2012/02/13 v1.0a Color table columns (DPC)
\everycr=\toks27
\minrowclearance=\skip263
)
(c:/texlive/2017/texmf-dist/tex/latex/float/float.sty
Package: float 2001/11/08 v1.3d Float enhancements (AL)
\c@float@type=\count168
\float@exts=\toks28
\float@box=\box30
\@float@everytoks=\toks29
\@floatcapt=\box31
)
(c:/texlive/2017/texmf-dist/tex/latex/graphics/graphicx.sty
Package: graphicx 2014/10/28 v1.0g Enhanced LaTeX Graphics (DPC,SPQR)

(c:/texlive/2017/texmf-dist/tex/latex/graphics/graphics.sty
Package: graphics 2017/04/14 v1.1b Standard LaTeX Graphics (DPC,SPQR)

(c:/texlive/2017/texmf-dist/tex/latex/graphics/trig.sty
Package: trig 2016/01/03 v1.10 sin cos tan (DPC)
)
(c:/texlive/2017/texmf-dist/tex/latex/graphics-cfg/graphics.cfg
File: graphics.cfg 2016/06/04 v1.11 sample graphics configuration
)
Package graphics Info: Driver file: pdftex.def on input line 99.
)
\Gin@req@height=\dimen155
\Gin@req@width=\dimen156
)
(c:/texlive/2017/texmf-dist/tex/latex/was/icomma.sty
Package: icomma 2002/03/10 v2.0 (WaS)
)
(c:/texlive/2017/texmf-dist/tex/latex/tools/indentfirst.sty
Package: indentfirst 1995/11/23 v1.03 Indent first paragraph (DPC)
)
(c:/texlive/2017/texmf-dist/tex/latex/microtype/microtype.sty
Package: microtype 2016/05/14 v2.6a Micro-typographical refinements (RS)
\MT@toks=\toks30
\MT@count=\count169
LaTeX Info: Redefining \textls on input line 774.
\MT@outer@kern=\dimen157
LaTeX Info: Redefining \textmicrotypecontext on input line 1310.
\MT@listname@count=\count170

(c:/texlive/2017/texmf-dist/tex/latex/microtype/microtype-pdftex.def
File: microtype-pdftex.def 2016/05/14 v2.6a Definitions specific to pdftex (RS)

LaTeX Info: Redefining \lsstyle on input line 916.
LaTeX Info: Redefining \lslig on input line 916.
\MT@outer@space=\skip264
)
Package microtype Info: Loading configuration file microtype.cfg.

(c:/texlive/2017/texmf-dist/tex/latex/microtype/microtype.cfg
File: microtype.cfg 2016/05/14 v2.6a microtype main configuration file (RS)
))
(c:/texlive/2017/texmf-dist/tex/latex/multirow/multirow.sty
Package: multirow 2016/11/25 v2.2 Span multiple rows of a table
\multirow@colwidth=\skip265
\multirow@cntb=\count171
\multirow@dima=\skip266
\bigstrutjot=\dimen158
)
(c:/texlive/2017/texmf-dist/tex/latex/subeqnarray/subeqnarray.sty
Package: subeqnarray 2004/04/15 v2.1c subeqnarray package
\c@subequation=\count172
)
(c:/texlive/2017/texmf-dist/tex/latex/lastpage/lastpage.sty
Package: lastpage 2015/03/29 v1.2m Refers to last page's name (HMM; JPG)
)
(c:/texlive/2017/texmf-dist/tex/latex/amsfonts/amsfonts.sty
Package: amsfonts 2013/01/14 v3.01 Basic AMSFonts support
\@emptytoks=\toks31
\symAMSa=\mathgroup4
\symAMSb=\mathgroup5
LaTeX Font Info:    Overwriting math alphabet `\mathfrak' in version `bold'
(Font)                  U/euf/m/n --> U/euf/b/n on input line 106.
)
(c:/texlive/2017/texmf-dist/tex/latex/amsfonts/amssymb.sty
Package: amssymb 2013/01/14 v3.01 AMS font symbols
)
(c:/texlive/2017/texmf-dist/tex/latex/amsmath/amsmath.sty
Package: amsmath 2016/11/05 v2.16a AMS math features
\@mathmargin=\skip267

For additional information on amsmath, use the `?' option.
(c:/texlive/2017/texmf-dist/tex/latex/amsmath/amstext.sty
Package: amstext 2000/06/29 v2.01 AMS text

(c:/texlive/2017/texmf-dist/tex/latex/amsmath/amsgen.sty
File: amsgen.sty 1999/11/30 v2.0 generic functions
\@emptytoks=\toks32
\ex@=\dimen159
))
(c:/texlive/2017/texmf-dist/tex/latex/amsmath/amsbsy.sty
Package: amsbsy 1999/11/29 v1.2d Bold Symbols
\pmbraise@=\dimen160
)
(c:/texlive/2017/texmf-dist/tex/latex/amsmath/amsopn.sty
Package: amsopn 2016/03/08 v2.02 operator names
)
\inf@bad=\count173
LaTeX Info: Redefining \frac on input line 213.
\uproot@=\count174
\leftroot@=\count175
LaTeX Info: Redefining \overline on input line 375.
\classnum@=\count176
\DOTSCASE@=\count177
LaTeX Info: Redefining \ldots on input line 472.
LaTeX Info: Redefining \dots on input line 475.
LaTeX Info: Redefining \cdots on input line 596.
\Mathstrutbox@=\box32
\strutbox@=\box33
\big@size=\dimen161
LaTeX Font Info:    Redeclaring font encoding OML on input line 712.
LaTeX Font Info:    Redeclaring font encoding OMS on input line 713.
\macc@depth=\count178
\c@MaxMatrixCols=\count179
\dotsspace@=\muskip11
\c@parentequation=\count180
\dspbrk@lvl=\count181
\tag@help=\toks33
\row@=\count182
\column@=\count183
\maxfields@=\count184
\andhelp@=\toks34
\eqnshift@=\dimen162
\alignsep@=\dimen163
\tagshift@=\dimen164
\tagwidth@=\dimen165
\totwidth@=\dimen166
\lineht@=\dimen167
\@envbody=\toks35
\multlinegap=\skip268
\multlinetaggap=\skip269
\mathdisplay@stack=\toks36
LaTeX Info: Redefining \[ on input line 2817.
LaTeX Info: Redefining \] on input line 2818.
)
(c:/texlive/2017/texmf-dist/tex/latex/algorithm2e/algorithm2e.sty
Package: algorithm2e 2013/01/06 v5.00 algorithms environments
\c@AlgoLine=\count185
\algocf@hangindent=\skip270

(c:/texlive/2017/texmf-dist/tex/latex/tools/xspace.sty
Package: xspace 2014/10/28 v1.13 Space after command names (DPC,MH)
)
********************************************************
Package `algorithm2e' Release 5.1 -- october 19 2015 --
- algorithm2e-announce@lirmm.fr mailing list for announcement about releases
- algorithm2e-discussion@lirmm.fr mailing list for discussion about package
subscribe by emailing sympa@lirmm.fr with 'subscribe <list> <firstname name>'
- Author: Christophe Fiorio (christophe.fiorio@umontpellier.fr)
********************************************************
\skiptotal=\skip271
\skiplinenumber=\skip272
\skiprule=\skip273
\skiphlne=\skip274
\skiptext=\skip275
\skiplength=\skip276
\algomargin=\skip277
\skipalgocfslide=\skip278
\algowidth=\dimen168
\inoutsize=\dimen169
\inoutindent=\dimen170
\interspacetitleruled=\dimen171
\interspacealgoruled=\dimen172
\interspacetitleboxruled=\dimen173
\algocf@ruledwidth=\skip279
\algocf@inoutbox=\box34
\algocf@inputbox=\box35
\AlCapSkip=\skip280
\AlCapHSkip=\skip281
\algoskipindent=\skip282
\algocf@nlbox=\box36
\algocf@hangingbox=\box37
\algocf@untilbox=\box38
\algocf@skipuntil=\skip283
\algocf@capbox=\box39
\algoheightruledefault=\skip284
\algoheightrule=\skip285
\algotitleheightruledefault=\skip286
\algotitleheightrule=\skip287
\c@algocfline=\count186
\c@algocfproc=\count187
\c@algocf=\count188
\algocf@algoframe=\box40
\algocf@algobox=\box41
) (c:/texlive/2017/texmf-dist/tex/latex/psnfss/times.sty
Package: times 2005/04/12 PSNFSS-v9.2a (SPQR) 
)
(c:/texlive/2017/texmf-dist/tex/latex/footmisc/footmisc.sty
Package: footmisc 2011/06/06 v5.5b a miscellany of footnote facilities
\FN@temptoken=\toks37
\footnotemargin=\dimen174


LaTeX Warning: Command \@makecol  has changed.
               Check if current package is valid.

\c@pp@next@reset=\count189
Package footmisc Info: Declaring symbol style bringhurst on input line 855.
Package footmisc Info: Declaring symbol style chicago on input line 863.
Package footmisc Info: Declaring symbol style wiley on input line 872.
Package footmisc Info: Declaring symbol style lamport-robust on input line 883.

Package footmisc Info: Declaring symbol style lamport* on input line 903.
Package footmisc Info: Declaring symbol style lamport*-robust on input line 924
.
) (c:/texlive/2017/texmf-dist/tex/latex/ae/ae.sty
Package: ae 2001/02/12 1.3 Almost European Computer Modern

(c:/texlive/2017/texmf-dist/tex/latex/base/fontenc.sty
Package: fontenc 2017/04/05 v2.0i Standard LaTeX package

(c:/texlive/2017/texmf-dist/tex/latex/base/t1enc.def
File: t1enc.def 2017/04/05 v2.0i Standard LaTeX file
LaTeX Font Info:    Redeclaring font encoding T1 on input line 48.
)
LaTeX Font Info:    Try loading font information for T1+aer on input line 105.

(c:/texlive/2017/texmf-dist/tex/latex/ae/t1aer.fd
File: t1aer.fd 1997/11/16 Font definitions for T1/aer.
)))
(c:/texlive/2017/texmf-dist/tex/latex/ae/aecompl.sty
Package: aecompl 1998/07/23 0.9 T1 Complements for AE fonts (D. Roegel)
)
(c:/texlive/2017/texmf-dist/tex/latex/base/latexsym.sty
Package: latexsym 1998/08/17 v2.2e Standard LaTeX package (lasy symbols)
\symlasy=\mathgroup6
LaTeX Font Info:    Overwriting symbol font `lasy' in version `bold'
(Font)                  U/lasy/m/n --> U/lasy/b/n on input line 52.
)
(c:/texlive/2017/texmf-dist/tex/latex/graphics/lscape.sty
Package: lscape 2000/10/22 v3.01 Landscape Pages (DPC)
)
(c:/texlive/2017/texmf-dist/tex/latex/pdfpages/pdfpages.sty
Package: pdfpages 2017/01/14 v0.5h Insert pages of external PDF documents (AM)

(c:/texlive/2017/texmf-dist/tex/latex/eso-pic/eso-pic.sty
Package: eso-pic 2015/07/21 v2.0g eso-pic (RN)
)
\AM@pagewidth=\dimen175
\AM@pageheight=\dimen176

(c:/texlive/2017/texmf-dist/tex/latex/pdfpages/pppdftex.def
File: pppdftex.def 2017/01/14 v0.5h Pdfpages driver for pdfTeX (AM)
)
\AM@pagebox=\box42
\AM@global@opts=\toks38
\AM@toc@title=\toks39
\c@AM@survey=\count190
\AM@templatesizebox=\box43
)
Package hyperref Info: Option `colorlinks' set `true' on input line 67.
Package hyperref Info: Option `breaklinks' set `true' on input line 67.
Package color Info: Redefining color blue on input line 71.
\faceel-tcc@idxfile=\write4
\openout4 = `faceel-tcc.idx'.


Writing index file faceel-tcc.idx 
\@input{01-pre-textuais/preambulo.aux}
\openout2 = `01-pre-textuais/preambulo.aux'.

(./01-pre-textuais/preambulo.tex) (./faceel-tcc.aux (./01-pre-textuais/capa.aux
) (./01-pre-textuais/folha-rosto.aux)
(./01-pre-textuais/ficha-catalografica.aux)
(./01-pre-textuais/folha-aprovacao-pdf.aux) (./01-pre-textuais/dedicatoria.aux)
(./01-pre-textuais/agradecimentos.aux) (./01-pre-textuais/epigrafe.aux)
(./01-pre-textuais/resumo.aux) (./01-pre-textuais/abstract.aux)
(./01-pre-textuais/lista-figuras.aux) (./01-pre-textuais/lista-tabelas.aux)
(./01-pre-textuais/lista-siglas.aux) (./02-textuais/introducao.aux)
(./02-textuais/desenvolvimento/revisao-de-literatura.aux)
(./02-textuais/desenvolvimento/metodologia.aux)
(./02-textuais/desenvolvimento/araguaia-osvaldao.aux)
(./02-textuais/conclusao.aux) (./03-pos-textuais/referencias.aux)
(./03-pos-textuais/apendices.aux) (./03-pos-textuais/anexos.aux))
\openout1 = `faceel-tcc.aux'.

LaTeX Font Info:    Checking defaults for OML/cmm/m/it on input line 85.
LaTeX Font Info:    ... okay on input line 85.
LaTeX Font Info:    Checking defaults for T1/cmr/m/n on input line 85.
LaTeX Font Info:    ... okay on input line 85.
LaTeX Font Info:    Checking defaults for OT1/cmr/m/n on input line 85.
LaTeX Font Info:    ... okay on input line 85.
LaTeX Font Info:    Checking defaults for OMS/cmsy/m/n on input line 85.
LaTeX Font Info:    ... okay on input line 85.
LaTeX Font Info:    Checking defaults for OMX/cmex/m/n on input line 85.
LaTeX Font Info:    ... okay on input line 85.
LaTeX Font Info:    Checking defaults for U/cmr/m/n on input line 85.
LaTeX Font Info:    ... okay on input line 85.
LaTeX Font Info:    Checking defaults for PD1/pdf/m/n on input line 85.
LaTeX Font Info:    ... okay on input line 85.
\AtBeginShipoutBox=\box44
Package hyperref Info: Link coloring ON on input line 85.

(c:/texlive/2017/texmf-dist/tex/latex/hyperref/nameref.sty
Package: nameref 2016/05/21 v2.44 Cross-referencing by name of section

(c:/texlive/2017/texmf-dist/tex/generic/oberdiek/gettitlestring.sty
Package: gettitlestring 2016/05/16 v1.5 Cleanup title references (HO)
)
\c@section@level=\count191
)
Redoing nameref's sectioning
Redoing nameref's label
LaTeX Info: Redefining \nameref on input line 85.
LaTeX Info: Redefining \ref on input line 85.
LaTeX Info: Redefining \pageref on input line 85.
LaTeX Info: Redefining \nameref on input line 85.
\myptabbox=\box45
\myptabboxwidth=\skip288
(c:/texlive/2017/texmf-dist/tex/context/base/mkii/supp-pdf.mkii
[Loading MPS to PDF converter (version 2006.09.02).]
\scratchcounter=\count192
\scratchdimen=\dimen177
\scratchbox=\box46
\nofMPsegments=\count193
\nofMParguments=\count194
\everyMPshowfont=\toks40
\MPscratchCnt=\count266
\MPscratchDim=\dimen178
\MPnumerator=\count267
\makeMPintoPDFobject=\count268
\everyMPtoPDFconversion=\toks41
) (c:/texlive/2017/texmf-dist/tex/latex/oberdiek/epstopdf-base.sty
Package: epstopdf-base 2016/05/15 v2.6 Base part for package epstopdf

(c:/texlive/2017/texmf-dist/tex/latex/oberdiek/grfext.sty
Package: grfext 2016/05/16 v1.2 Manage graphics extensions (HO)
)
Package epstopdf-base Info: Redefining graphics rule for `.eps' on input line 4
38.
Package grfext Info: Graphics extension search list:
(grfext)             [.png,.pdf,.jpg,.mps,.jpeg,.jbig2,.jb2,.PNG,.PDF,.JPG,.JPE
G,.JBIG2,.JB2,.eps]
(grfext)             \AppendGraphicsExtensions on input line 456.

(c:/texlive/2017/texmf-dist/tex/latex/latexconfig/epstopdf-sys.cfg
File: epstopdf-sys.cfg 2010/07/13 v1.3 Configuration of (r)epstopdf for TeX Liv
e
))
LaTeX Info: Redefining \microtypecontext on input line 85.
Package microtype Info: Generating PDF output.
Package microtype Info: Character protrusion enabled (level 2).
Package microtype Info: Using default protrusion set `alltext'.
Package microtype Info: Automatic font expansion enabled (level 2),
(microtype)             stretch: 20, shrink: 20, step: 1, non-selected.
Package microtype Info: Using default expansion set `basictext'.
Package microtype Info: No adjustment of tracking.
Package microtype Info: No adjustment of interword spacing.
Package microtype Info: No adjustment of character kerning.

(c:/texlive/2017/texmf-dist/tex/latex/microtype/mt-cmr.cfg
File: mt-cmr.cfg 2013/05/19 v2.2 microtype config. file: Computer Modern Roman 
(RS)
)
Package lastpage Info: Please have a look at the pageslts package at
(lastpage)             https://www.ctan.org/pkg/pageslts
(lastpage)             ! on input line 85.

(c:/texlive/2017/texmf-dist/tex/latex/oberdiek/pdflscape.sty
Package: pdflscape 2016/05/14 v0.11 Display of landscape pages in PDF (HO)
Package pdflscape Info: Auto-detected driver: pdftex on input line 81.
)
\openout2 = `01-pre-textuais/capa.aux'.


(./01-pre-textuais/capa.tex [1




{c:/texlive/2017/texmf-var/fonts/map/pdftex/updmap/pdftex.map}])
\openout2 = `01-pre-textuais/folha-rosto.aux'.

 (./01-pre-textuais/folha-rosto.tex
Underfull \hbox (badness 10000) in paragraph at lines 26--29

 []


Underfull \hbox (badness 10000) in paragraph at lines 26--29

 []

LaTeX Font Info:    Try loading font information for U+msa on input line 31.
(c:/texlive/2017/texmf-dist/tex/latex/amsfonts/umsa.fd
File: umsa.fd 2013/01/14 v3.01 AMS symbols A
)
(c:/texlive/2017/texmf-dist/tex/latex/microtype/mt-msa.cfg
File: mt-msa.cfg 2006/02/04 v1.1 microtype config. file: AMS symbols (a) (RS)
)
LaTeX Font Info:    Try loading font information for U+msb on input line 31.

(c:/texlive/2017/texmf-dist/tex/latex/amsfonts/umsb.fd
File: umsb.fd 2013/01/14 v3.01 AMS symbols B
)
(c:/texlive/2017/texmf-dist/tex/latex/microtype/mt-msb.cfg
File: mt-msb.cfg 2005/06/01 v1.0 microtype config. file: AMS symbols (b) (RS)
)
LaTeX Font Info:    Try loading font information for U+lasy on input line 31.

(c:/texlive/2017/texmf-dist/tex/latex/base/ulasy.fd
File: ulasy.fd 1998/08/17 v2.2e LaTeX symbol font definitions
)pdfTeX warning (ext4): destination with the same identifier (name{page.1}) has
 been already used, duplicate ignored
<to be read again> 
                   \relax 
l.41 \end{folhaderosto}
                        [1





])
\openout2 = `01-pre-textuais/ficha-catalografica.aux'.

 (./01-pre-textuais/ficha-catalografica.tex
<figuras/FichaCatalografica.pdf, id=16, 597.55246pt x 845.07718pt>
File: figuras/FichaCatalografica.pdf Graphic file (type pdf)

<use figuras/FichaCatalografica.pdf>
Package pdftex.def Info: figuras/FichaCatalografica.pdf used on input line 2.
(pdftex.def)             Requested size: 597.551pt x 845.07512pt.
File: figuras/FichaCatalografica.pdf Graphic file (type pdf)
 <use figuras/FichaCatalografica.pdf>
Package pdftex.def Info: figuras/FichaCatalografica.pdf used on input line 2.
(pdftex.def)             Requested size: 597.551pt x 845.07512pt.

<figuras/FichaCatalografica.pdf, id=19, page=1, 597.55246pt x 845.07718pt>
File: figuras/FichaCatalografica.pdf Graphic file (type pdf)

<use figuras/FichaCatalografica.pdf, page 1>
Package pdftex.def Info: figuras/FichaCatalografica.pdf, page1 used on input li
ne 2.
(pdftex.def)             Requested size: 597.551pt x 845.07512pt.
File: figuras/FichaCatalografica.pdf Graphic file (type pdf)

<use figuras/FichaCatalografica.pdf, page 1>
Package pdftex.def Info: figuras/FichaCatalografica.pdf, page1 used on input li
ne 2.
(pdftex.def)             Requested size: 597.57834pt x 845.1138pt.
File: figuras/FichaCatalografica.pdf Graphic file (type pdf)

<use figuras/FichaCatalografica.pdf, page 1>
Package pdftex.def Info: figuras/FichaCatalografica.pdf, page1 used on input li
ne 2.
(pdftex.def)             Requested size: 597.57834pt x 845.1138pt.
File: figuras/FichaCatalografica.pdf Graphic file (type pdf)

<use figuras/FichaCatalografica.pdf, page 1>
Package pdftex.def Info: figuras/FichaCatalografica.pdf, page1 used on input li
ne 2.
(pdftex.def)             Requested size: 597.57834pt x 845.1138pt.
File: figuras/FichaCatalografica.pdf Graphic file (type pdf)

<use figuras/FichaCatalografica.pdf, page 1>
Package pdftex.def Info: figuras/FichaCatalografica.pdf, page1 used on input li
ne 2.
(pdftex.def)             Requested size: 597.57834pt x 845.1138pt.
 [2



 <./figuras/FichaCatalografica.pdf>])
\openout2 = `01-pre-textuais/folha-aprovacao-pdf.aux'.

 (./01-pre-textuais/folha-aprovacao-pdf.tex
<figuras/FolhaAprovacao.pdf, id=44, 614.34824pt x 844.9095pt>
File: figuras/FolhaAprovacao.pdf Graphic file (type pdf)

<use figuras/FolhaAprovacao.pdf>
Package pdftex.def Info: figuras/FolhaAprovacao.pdf used on input line 2.
(pdftex.def)             Requested size: 614.34673pt x 844.90744pt.
File: figuras/FolhaAprovacao.pdf Graphic file (type pdf)
 <use figuras/FolhaAprovacao.pdf>
Package pdftex.def Info: figuras/FolhaAprovacao.pdf used on input line 2.
(pdftex.def)             Requested size: 614.34673pt x 844.90744pt.

<figuras/FolhaAprovacao.pdf, id=47, page=1, 614.34824pt x 844.9095pt>
File: figuras/FolhaAprovacao.pdf Graphic file (type pdf)

<use figuras/FolhaAprovacao.pdf, page 1>
Package pdftex.def Info: figuras/FolhaAprovacao.pdf, page1 used on input line 2
.
(pdftex.def)             Requested size: 614.34673pt x 844.90744pt.
File: figuras/FolhaAprovacao.pdf Graphic file (type pdf)

<use figuras/FolhaAprovacao.pdf, page 1>
Package pdftex.def Info: figuras/FolhaAprovacao.pdf, page1 used on input line 2
.
(pdftex.def)             Requested size: 597.83878pt x 822.20415pt.
File: figuras/FolhaAprovacao.pdf Graphic file (type pdf)

<use figuras/FolhaAprovacao.pdf, page 1>
Package pdftex.def Info: figuras/FolhaAprovacao.pdf, page1 used on input line 2
.
(pdftex.def)             Requested size: 597.83878pt x 822.20415pt.
File: figuras/FolhaAprovacao.pdf Graphic file (type pdf)

<use figuras/FolhaAprovacao.pdf, page 1>
Package pdftex.def Info: figuras/FolhaAprovacao.pdf, page1 used on input line 2
.
(pdftex.def)             Requested size: 597.83878pt x 822.20415pt.
File: figuras/FolhaAprovacao.pdf Graphic file (type pdf)

<use figuras/FolhaAprovacao.pdf, page 1>
Package pdftex.def Info: figuras/FolhaAprovacao.pdf, page1 used on input line 2
.
(pdftex.def)             Requested size: 597.83878pt x 822.20415pt.
 [3


 <./figuras/FolhaAprovacao.pdf>])
\openout2 = `01-pre-textuais/dedicatoria.aux'.


(./01-pre-textuais/dedicatoria.tex) [4


]
\openout2 = `01-pre-textuais/agradecimentos.aux'.

 (./01-pre-textuais/agradecimentos.tex)
[5


]
\openout2 = `01-pre-textuais/epigrafe.aux'.

 (./01-pre-textuais/epigrafe.tex
Underfull \hbox (badness 10000) in paragraph at lines 7--8

 []


Underfull \hbox (badness 10000) in paragraph at lines 7--8

 []

) [6


]
\openout2 = `01-pre-textuais/resumo.aux'.

 (./01-pre-textuais/resumo.tex

LaTeX Warning: Command \textordfeminine invalid in math mode on input line 8.


LaTeX Warning: Command \textordfeminine invalid in math mode on input line 8.

) [7


]
\openout2 = `01-pre-textuais/abstract.aux'.

 (./01-pre-textuais/abstract.tex) [8


]
\openout2 = `01-pre-textuais/lista-figuras.aux'.

 (./01-pre-textuais/lista-figuras.tex (./faceel-tcc.lof) [9


])
\openout2 = `01-pre-textuais/lista-tabelas.aux'.

 (./01-pre-textuais/lista-tabelas.tex (./faceel-tcc.lot) [10



])
\openout2 = `01-pre-textuais/lista-siglas.aux'.

 (./01-pre-textuais/lista-siglas.tex [11




]) (./faceel-tcc.toc
Overfull \hbox (16.6541pt too wide) in paragraph at lines 126--126
 \T1/aer/bx/n/12 GUER-RI-LHEIRO OS-VAL-DO EM UM JOGO 
 []

[12


]
Overfull \hbox (24.31015pt too wide) in paragraph at lines 135--135
 \T1/aer/bx/n/12 BRA-SI-LEIRO DE GA-MES E EN-TRE-TE-NI-MENTO 
 []

) [13]
\openout2 = `02-textuais/introducao.aux'.

 (./02-textuais/introducao.tex [14



]

LaTeX Warning: Command \textordfeminine invalid in math mode on input line 22.


LaTeX Warning: Command \textordfeminine invalid in math mode on input line 22.

[15]
LaTeX Font Info:    Try loading font information for OMS+aer on input line 51.
 (c:/texlive/2017/texmf-dist/tex/latex/ae/omsaer.fd
File: omsaer.fd 1999/12/27
)
LaTeX Font Info:    Font shape `OMS/aer/m/n' in size <12> not available
(Font)              Font shape `OMS/cmsy/m/n' tried instead on input line 51.
 [16]) [17]
\openout2 = `02-textuais/desenvolvimento/revisao-de-literatura.aux'.


(./02-textuais/desenvolvimento/revisao-de-literatura.tex [18



] [19] [20]
<figuras/game_maraba.png, id=386, 452.4403pt x 180.675pt>
File: figuras/game_maraba.png Graphic file (type png)

<use figuras/game_maraba.png>
Package pdftex.def Info: figuras/game_maraba.png used on input line 60.
(pdftex.def)             Requested size: 409.49722pt x 163.52678pt.
 [21]
<figuras/brasil_ball.png, id=400, 820.56563pt x 277.035pt>
File: figuras/brasil_ball.png Graphic file (type png)

<use figuras/brasil_ball.png>
Package pdftex.def Info: figuras/brasil_ball.png used on input line 75.
(pdftex.def)             Requested size: 409.49722pt x 138.25084pt.
 [22pdfTeX warning (ext4): destination with the same identifier (name{figure.2.
1}) has been already used, duplicate ignored

\AtBegShi@Output ...ipout \box \AtBeginShipoutBox 
                                                  \fi \fi 
l.81 \subsection
                {Sete Povos -- \textit{mobile}}pdfTeX warning (ext4): destinati
on with the same identifier (name{figure.2.2}) has been already used, duplicate
 ignored

\AtBegShi@Output ...ipout \box \AtBeginShipoutBox 
                                                  \fi \fi 
l.81 \subsection
                {Sete Povos -- \textit{mobile}} <./figuras/game_maraba.png (PNG
 copy)> <./figuras/brasil_ball.png (PNG copy)>]
<figuras/sete_povos1.png, id=414, 423.08063pt x 269.50688pt>
File: figuras/sete_povos1.png Graphic file (type png)

<use figuras/sete_povos1.png>
Package pdftex.def Info: figuras/sete_povos1.png used on input line 90.
(pdftex.def)             Requested size: 241.14944pt x 153.61227pt.

<figuras/sete_povos2.png, id=419, 649.67719pt x 199.49532pt>
File: figuras/sete_povos2.png Graphic file (type png)

<use figuras/sete_povos2.png>
Package pdftex.def Info: figuras/sete_povos2.png used on input line 98.
(pdftex.def)             Requested size: 418.59917pt x 128.54106pt.
) [23pdfTeX warning (ext4): destination with the same identifier (name{figure.2
.3}) has been already used, duplicate ignored

\AtBegShi@Output ...ipout \box \AtBeginShipoutBox 
                                                  \fi \fi 
l.109 ...is/desenvolvimento/revisao-de-literatura}
                                                   % Reviso de LiteraturapdfT
eX warning (ext4): destination with the same identifier (name{figure.2.4}) has 
been already used, duplicate ignored

\AtBegShi@Output ...ipout \box \AtBeginShipoutBox 
                                                  \fi \fi 
l.109 ...is/desenvolvimento/revisao-de-literatura}
                                                   % Reviso de Literatura <./
figuras/sete_povos1.png (PNG copy)> <./figuras/sete_povos2.png (PNG copy)>]
\openout2 = `02-textuais/desenvolvimento/metodologia.aux'.


(./02-textuais/desenvolvimento/metodologia.tex
<figuras/estrutura_gdd.png, id=439, 425.33907pt x 597.73312pt>
File: figuras/estrutura_gdd.png Graphic file (type png)

<use figuras/estrutura_gdd.png>
Package pdftex.def Info: figuras/estrutura_gdd.png used on input line 22.
(pdftex.def)             Requested size: 273.00278pt x 383.66972pt.
 [24



] [25pdfTeX warning (ext4): destination with the same identifier (name{figure.3
.5}) has been already used, duplicate ignored

\AtBegShi@Output ...ipout \box \AtBeginShipoutBox 
                                                  \fi \fi 
l.34 \newpage
              <./figuras/estrutura_gdd.png>] [26]
<figuras/framework_dev.PNG, id=492, 534.798pt x 507.8172pt>
File: figuras/framework_dev.PNG Graphic file (type png)

<use figuras/framework_dev.PNG>
Package pdftex.def Info: figuras/framework_dev.PNG used on input line 59.
(pdftex.def)             Requested size: 332.14806pt x 315.39355pt.
 [27pdfTeX warning (ext4): destination with the same identifier (name{figure.3.
6}) has been already used, duplicate ignored

\AtBegShi@Output ...ipout \box \AtBeginShipoutBox 
                                                  \fi \fi 
l.71 
      <./figuras/framework_dev.PNG>] [28] (./tabelas/tabela-hardware-alvo.tex)
(./tabelas/tabela-hardware-dev.tex)) [29pdfTeX warning (ext4): destination with
 the same identifier (name{table.3.1}) has been already used, duplicate ignored


\AtBegShi@Output ...ipout \box \AtBeginShipoutBox 
                                                  \fi \fi 
l.110 ...{02-textuais/desenvolvimento/metodologia}
                                                   % Materiais e MtodospdfTeX
 warning (ext4): destination with the same identifier (name{table.3.2}) has bee
n already used, duplicate ignored

\AtBegShi@Output ...ipout \box \AtBeginShipoutBox 
                                                  \fi \fi 
l.110 ...{02-textuais/desenvolvimento/metodologia}
                                                   % Materiais e Mtodos]
\openout2 = `02-textuais/desenvolvimento/araguaia-osvaldao.aux'.


(./02-textuais/desenvolvimento/araguaia-osvaldao.tex [30



] [31] [32] [33]
(./tabelas/tabela-roteiro-missoes.tex) [34pdfTeX warning (ext4): destination wi
th the same identifier (name{table.4.3}) has been already used, duplicate ignor
ed

\AtBegShi@Output ...ipout \box \AtBeginShipoutBox 
                                                  \fi \fi 
l.82 
     ] <figuras/menu_principal.png, id=581, 642.4pt x 481.8pt>
File: figuras/menu_principal.png Graphic file (type png)

<use figuras/menu_principal.png>
Package pdftex.def Info: figuras/menu_principal.png used on input line 90.
(pdftex.def)             Requested size: 254.79889pt x 191.09921pt.
 [35pdfTeX warning (ext4): destination with the same identifier (name{figure.4.
7}) has been already used, duplicate ignored

\AtBegShi@Output ...ipout \box \AtBeginShipoutBox 
                                                  \fi \fi 
l.98 
      <./figuras/menu_principal.png>]
<figuras/hud_jogo.png, id=591, 642.4pt x 92.345pt>
File: figuras/hud_jogo.png Graphic file (type png)
 <use figuras/hud_jogo.png>
Package pdftex.def Info: figuras/hud_jogo.png used on input line 102.
(pdftex.def)             Requested size: 318.49861pt x 45.78488pt.

<figuras/inventario_miss1.png, id=597, 836.20882pt x 418.1044pt>
File: figuras/inventario_miss1.png Graphic file (type png)

<use figuras/inventario_miss1.png>
Package pdftex.def Info: figuras/inventario_miss1.png used on input line 112.
(pdftex.def)             Requested size: 318.49861pt x 159.25134pt.

<figuras/botoes_jogo.png, id=600, 790.955pt x 179.67125pt>
File: figuras/botoes_jogo.png Graphic file (type png)

<use figuras/botoes_jogo.png>
Package pdftex.def Info: figuras/botoes_jogo.png used on input line 122.
(pdftex.def)             Requested size: 318.49861pt x 72.34973pt.
 [36pdfTeX warning (ext4): destination with the same identifier (name{figure.4.
8}) has been already used, duplicate ignored

\AtBegShi@Output ...ipout \box \AtBeginShipoutBox 
                                                  \fi \fi 
l.126 
      pdfTeX warning (ext4): destination with the same identifier (name{figure.
4.9}) has been already used, duplicate ignored

\AtBegShi@Output ...ipout \box \AtBeginShipoutBox 
                                                  \fi \fi 
l.126 
       <./figuras/hud_jogo.png> <./figuras/inventario_miss1.png>] [37pdfTeX war
ning (ext4): destination with the same identifier (name{figure.4.10}) has been 
already used, duplicate ignored

\AtBegShi@Output ...ipout \box \AtBeginShipoutBox 
                                                  \fi \fi 
l.166 
       <./figuras/botoes_jogo.png>] [38]
<figuras/forte_planta.png, id=625, 537.50812pt x 415.5525pt>
File: figuras/forte_planta.png Graphic file (type png)

<use figuras/forte_planta.png>
Package pdftex.def Info: figuras/forte_planta.png used on input line 179.
(pdftex.def)             Requested size: 318.49861pt x 246.23276pt.

<figuras/osvaldo_final.png, id=629, 316.409pt x 205.27109pt>
File: figuras/osvaldo_final.png Graphic file (type png)

<use figuras/osvaldo_final.png>
Package pdftex.def Info: figuras/osvaldo_final.png used on input line 189.
(pdftex.def)             Requested size: 332.14806pt x 215.48148pt.
 [39pdfTeX warning (ext4): destination with the same identifier (name{figure.4.
11}) has been already used, duplicate ignored

\AtBegShi@Output ...ipout \box \AtBeginShipoutBox 
                                                  \fi \fi 
l.193 
       <./figuras/forte_planta.png>]

Package hyperref Warning: Token not allowed in a PDF string (PDFDocEncoding):
(hyperref)                removing `math shift' on input line 195.


Package hyperref Warning: Token not allowed in a PDF string (PDFDocEncoding):
(hyperref)                removing `math shift' on input line 195.

<figuras/osvaldo_animais_fase2.png, id=637, 508.90125pt x 405.01312pt>
File: figuras/osvaldo_animais_fase2.png Graphic file (type png)

<use figuras/osvaldo_animais_fase2.png>
Package pdftex.def Info: figuras/osvaldo_animais_fase2.png used on input line 2
13.
(pdftex.def)             Requested size: 259.35333pt x 206.41798pt.
 [40pdfTeX warning (ext4): destination with the same identifier (name{figure.4.
12}) has been already used, duplicate ignored

\AtBegShi@Output ...ipout \box \AtBeginShipoutBox 
                                                  \fi \fi 
l.217 
       <./figuras/osvaldo_final.png>]
<figuras/osvaldo_gameleira_fase2.png, id=647, 447.92343pt x 356.83313pt>
File: figuras/osvaldo_gameleira_fase2.png Graphic file (type png)

<use figuras/osvaldo_gameleira_fase2.png>
Package pdftex.def Info: figuras/osvaldo_gameleira_fase2.png used on input line
 223.
(pdftex.def)             Requested size: 254.79889pt x 202.97774pt.
 [41pdfTeX warning (ext4): destination with the same identifier (name{figure.4.
13}) has been already used, duplicate ignored

\AtBegShi@Output ...ipout \box \AtBeginShipoutBox 
                                                  \fi \fi 
l.232 
      pdfTeX warning (ext4): destination with the same identifier (name{figure.
4.14}) has been already used, duplicate ignored

\AtBegShi@Output ...ipout \box \AtBeginShipoutBox 
                                                  \fi \fi 
l.232 
       <./figuras/osvaldo_animais_fase2.png> <./figuras/osvaldo_gameleira_fase2
.png>] <figuras/elementos_2d.png, id=658, 1491.32156pt x 781.41937pt>
File: figuras/elementos_2d.png Graphic file (type png)

<use figuras/elementos_2d.png>
Package pdftex.def Info: figuras/elementos_2d.png used on input line 236.
(pdftex.def)             Requested size: 341.25pt x 178.80457pt.
 [42pdfTeX warning (ext4): destination with the same identifier (name{figure.4.
15}) has been already used, duplicate ignored

\AtBegShi@Output ...ipout \box \AtBeginShipoutBox 
                                                  \fi \fi 
l.259 
       <./figuras/elementos_2d.png>]
<figuras/cutscene1_fase1.png, id=670, 730.98094pt x 403.5075pt>
File: figuras/cutscene1_fase1.png Graphic file (type png)

<use figuras/cutscene1_fase1.png>
Package pdftex.def Info: figuras/cutscene1_fase1.png used on input line 270.
(pdftex.def)             Requested size: 318.49861pt x 175.81372pt.
 [43pdfTeX warning (ext4): destination with the same identifier (name{figure.4.
16}) has been already used, duplicate ignored

\AtBegShi@Output ...ipout \box \AtBeginShipoutBox 
                                                  \fi \fi 
l.283 
       <./figuras/cutscene1_fase1.png>]
<figuras/osvaldo_grileiro_fase2.png, id=680, 663.98062pt x 411.03563pt>
File: figuras/osvaldo_grileiro_fase2.png Graphic file (type png)

<use figuras/osvaldo_grileiro_fase2.png>
Package pdftex.def Info: figuras/osvaldo_grileiro_fase2.png used on input line 
292.
(pdftex.def)             Requested size: 254.79889pt x 157.73177pt.
 [44pdfTeX warning (ext4): destination with the same identifier (name{figure.4.
17}) has been already used, duplicate ignored

\AtBegShi@Output ...ipout \box \AtBeginShipoutBox 
                                                  \fi \fi 
l.303 
       <./figuras/osvaldo_grileiro_fase2.png>]
<figuras/osvaldo_equipe_fase2.png, id=697, 589.4522pt x 471.26062pt>
File: figuras/osvaldo_equipe_fase2.png Graphic file (type png)

<use figuras/osvaldo_equipe_fase2.png>
Package pdftex.def Info: figuras/osvaldo_equipe_fase2.png used on input line 30
7.
(pdftex.def)             Requested size: 273.00278pt x 218.26382pt.
 [45pdfTeX warning (ext4): destination with the same identifier (name{figure.4.
18}) has been already used, duplicate ignored

\AtBegShi@Output ...ipout \box \AtBeginShipoutBox 
                                                  \fi \fi 
l.329 
       <./figuras/osvaldo_equipe_fase2.png>]
<figuras/cutscene2_fase1.png, id=709, 652.68843pt x 464.4853pt>
File: figuras/cutscene2_fase1.png Graphic file (type png)

<use figuras/cutscene2_fase1.png>
Package pdftex.def Info: figuras/cutscene2_fase1.png used on input line 338.
(pdftex.def)             Requested size: 273.00278pt x 194.2887pt.

<figuras/cutscene21_fase1.png, id=710, 362.5545pt x 174.05025pt>
File: figuras/cutscene21_fase1.png Graphic file (type png)

<use figuras/cutscene21_fase1.png>
Package pdftex.def Info: figuras/cutscene21_fase1.png used on input line 346.
(pdftex.def)             Requested size: 295.74722pt x 141.98645pt.
 [46pdfTeX warning (ext4): destination with the same identifier (name{figure.4.
19}) has been already used, duplicate ignored

\AtBegShi@Output ...ipout \box \AtBeginShipoutBox 
                                                  \fi \fi 
l.350 
       <./figuras/cutscene2_fase1.png>]
<figuras/osvaldo_capinando.png, id=720, 651.93562pt x 405.76593pt>
File: figuras/osvaldo_capinando.png Graphic file (type png)

<use figuras/osvaldo_capinando.png>
Package pdftex.def Info: figuras/osvaldo_capinando.png used on input line 368.
(pdftex.def)             Requested size: 282.09778pt x 175.58421pt.
 [47pdfTeX warning (ext4): destination with the same identifier (name{figure.4.
20}) has been already used, duplicate ignored

\AtBegShi@Output ...ipout \box \AtBeginShipoutBox 
                                                  \fi \fi 
l.372 
       <./figuras/cutscene21_fase1.png>]
<figuras/morador_tronco.png, id=728, 651.18282pt x 405.01312pt>
File: figuras/morador_tronco.png Graphic file (type png)

<use figuras/morador_tronco.png>
Package pdftex.def Info: figuras/morador_tronco.png used on input line 376.
(pdftex.def)             Requested size: 282.09778pt x 175.4562pt.
 [48pdfTeX warning (ext4): destination with the same identifier (name{figure.4.
21}) has been already used, duplicate ignored

\AtBegShi@Output ...ipout \box \AtBeginShipoutBox 
                                                  \fi \fi 
l.393 
      pdfTeX warning (ext4): destination with the same identifier (name{figure.
4.22}) has been already used, duplicate ignored

\AtBegShi@Output ...ipout \box \AtBeginShipoutBox 
                                                  \fi \fi 
l.393 
       <./figuras/osvaldo_capinando.png> <./figuras/morador_tronco.png>]
<figuras/osvaldao_campo.png, id=743, 549.85425pt x 369.7815pt>
File: figuras/osvaldao_campo.png Graphic file (type png)

<use figuras/osvaldao_campo.png>
Package pdftex.def Info: figuras/osvaldao_campo.png used on input line 413.
(pdftex.def)             Requested size: 282.09778pt x 189.71454pt.
 [49]
<figuras/osvaldao_campo_2.png, id=752, 548.0475pt x 366.168pt>
File: figuras/osvaldao_campo_2.png Graphic file (type png)

<use figuras/osvaldao_campo_2.png>
Package pdftex.def Info: figuras/osvaldao_campo_2.png used on input line 421.
(pdftex.def)             Requested size: 282.09778pt x 188.48083pt.
 [50pdfTeX warning (ext4): destination with the same identifier (name{figure.4.
23}) has been already used, duplicate ignored

\AtBegShi@Output ...ipout \box \AtBeginShipoutBox 
                                                  \fi \fi 
l.433 
      pdfTeX warning (ext4): destination with the same identifier (name{figure.
4.24}) has been already used, duplicate ignored

\AtBegShi@Output ...ipout \box \AtBeginShipoutBox 
                                                  \fi \fi 
l.433 
       <./figuras/osvaldao_campo.png> <./figuras/osvaldao_campo_2.png>]
<figuras/nelio_barco.png, id=763, 519.74174pt x 323.40825pt>
File: figuras/nelio_barco.png Graphic file (type png)

<use figuras/nelio_barco.png>
Package pdftex.def Info: figuras/nelio_barco.png used on input line 442.
(pdftex.def)             Requested size: 282.09778pt x 175.54091pt.

<figuras/osvaldao_tiros_cabo.png, id=764, 651.18282pt x 407.27156pt>
File: figuras/osvaldao_tiros_cabo.png Graphic file (type png)

<use figuras/osvaldao_tiros_cabo.png>
Package pdftex.def Info: figuras/osvaldao_tiros_cabo.png used on input line 450
.
(pdftex.def)             Requested size: 282.09778pt x 176.4346pt.
 [51pdfTeX warning (ext4): destination with the same identifier (name{figure.4.
25}) has been already used, duplicate ignored

\AtBegShi@Output ...ipout \box \AtBeginShipoutBox 
                                                  \fi \fi 
l.454 
       <./figuras/nelio_barco.png>] [52pdfTeX warning (ext4): destination with 
the same identifier (name{figure.4.26}) has been already used, duplicate ignore
d

\AtBegShi@Output ...ipout \box \AtBeginShipoutBox 
                                                  \fi \fi 
l.470 
       <./figuras/osvaldao_tiros_cabo.png>]
<figuras/workshop_alunos.jpg, id=783, 1766.1985pt x 1036.2715pt>
File: figuras/workshop_alunos.jpg Graphic file (type jpg)

<use figuras/workshop_alunos.jpg>
Package pdftex.def Info: figuras/workshop_alunos.jpg used on input line 474.
(pdftex.def)             Requested size: 318.49861pt x 186.86868pt.

<figuras/aluno_teste.jpg, id=784, 1283.194pt x 1005.356pt>
File: figuras/aluno_teste.jpg Graphic file (type jpg)

<use figuras/aluno_teste.jpg>
Package pdftex.def Info: figuras/aluno_teste.jpg used on input line 482.
(pdftex.def)             Requested size: 282.09778pt x 221.01025pt.
) [53pdfTeX warning (ext4): destination with the same identifier (name{figure.4
.27}) has been already used, duplicate ignored

\AtBegShi@Output ...ipout \box \AtBeginShipoutBox 
                                                  \fi \fi 
l.111 ...xtuais/desenvolvimento/araguaia-osvaldao}
                                                   % Reviso de LiteraturapdfT
eX warning (ext4): destination with the same identifier (name{figure.4.28}) has
 been already used, duplicate ignored

\AtBegShi@Output ...ipout \box \AtBeginShipoutBox 
                                                  \fi \fi 
l.111 ...xtuais/desenvolvimento/araguaia-osvaldao}
                                                   % Reviso de Literatura <./
figuras/workshop_alunos.jpg> <./figuras/aluno_teste.jpg>]
\openout2 = `02-textuais/conclusao.aux'.


(./02-textuais/conclusao.tex [54



]) [55]
\openout2 = `03-pos-textuais/referencias.aux'.

 (./03-pos-textuais/referencias.tex
(./faceel-tcc.bbl (./faceel-tcc.brf)
\tf@brf=\write5
\openout5 = `faceel-tcc.brf'.



Package hyperref Warning: Token not allowed in a PDF string (PDFDocEncoding):
(hyperref)                removing `\uppercase' on input line 3.

bibitemlist

Underfull \hbox (badness 10000) in paragraph at lines 28--28
\T1/aer/m/n/12 (+20) sbgames2014 / ^^\les / papers / culture / full / Cult _ Fu
ll _ Roteirizacao % 20em % 20Games . pdf>[]$[][].
 []


Underfull \hbox (badness 3826) in paragraph at lines 41--41
[]\T1/aer/m/n/12 (+20) GLOBO, J. \T1/aer/bx/n/12 In-ds-tria de ga-mes e apli-c
a-ti-vos con-ti-nua cres-cendo no
 []

[56



])) [57]
\openout2 = `03-pos-textuais/apendices.aux'.

 (./03-pos-textuais/apendices.tex

Package hyperref Warning: Token not allowed in a PDF string (PDFDocEncoding):
(hyperref)                removing `\uppercase' on input line 5.

[58




]

pdfTeX warning: pdflatex.exe (file ./figuras/175172.pdf): PDF inclusion: found 
PDF version <1.7>, but at most version <1.5> allowed
<figuras/175172.pdf, id=852, 614.295pt x 794.97pt>
File: figuras/175172.pdf Graphic file (type pdf)
 <use figuras/175172.pdf>
Package pdftex.def Info: figuras/175172.pdf used on input line 11.
(pdftex.def)             Requested size: 614.29349pt x 794.96806pt.


pdfTeX warning: pdflatex.exe (file ./figuras/175172.pdf): PDF inclusion: found 
PDF version <1.7>, but at most version <1.5> allowed
File: figuras/175172.pdf Graphic file (type pdf)
<use figuras/175172.pdf>
Package pdftex.def Info: figuras/175172.pdf used on input line 11.
(pdftex.def)             Requested size: 614.29349pt x 794.96806pt.


pdfTeX warning: pdflatex.exe (file ./figuras/175172.pdf): PDF inclusion: found 
PDF version <1.7>, but at most version <1.5> allowed


pdfTeX warning: pdflatex.exe (file ./figuras/175172.pdf): PDF inclusion: found 
PDF version <1.7>, but at most version <1.5> allowed
<figuras/175172.pdf, id=855, page=1, 614.295pt x 794.97pt>
File: figuras/175172.pdf Graphic file (type pdf)

<use figuras/175172.pdf, page 1>
Package pdftex.def Info: figuras/175172.pdf, page1 used on input line 11.
(pdftex.def)             Requested size: 614.29349pt x 794.96806pt.
File: figuras/175172.pdf Graphic file (type pdf)
 <use figuras/175172.pdf, page 1>
Package pdftex.def Info: figuras/175172.pdf, page1 used on input line 11.
(pdftex.def)             Requested size: 597.78697pt x 773.60669pt.
 [59

]
File: figuras/175172.pdf Graphic file (type pdf)

<use figuras/175172.pdf, page 1>
Package pdftex.def Info: figuras/175172.pdf, page1 used on input line 11.
(pdftex.def)             Requested size: 597.78697pt x 773.60669pt.
File: figuras/175172.pdf Graphic file (type pdf)
 <use figuras/175172.pdf, page 1>
Package pdftex.def Info: figuras/175172.pdf, page1 used on input line 11.
(pdftex.def)             Requested size: 597.78697pt x 773.60669pt.
File: figuras/175172.pdf Graphic file (type pdf)

<use figuras/175172.pdf, page 1>
Package pdftex.def Info: figuras/175172.pdf, page1 used on input line 11.
(pdftex.def)             Requested size: 597.78697pt x 773.60669pt.
 [60 <./figuras/175172.pdf>]

pdfTeX warning: pdflatex.exe (file ./figuras/175172.pdf): PDF inclusion: found 
PDF version <1.7>, but at most version <1.5> allowed
<figuras/175172.pdf, id=932, page=2, 614.295pt x 794.97pt>
File: figuras/175172.pdf Graphic file (type pdf)

<use figuras/175172.pdf, page 2>
Package pdftex.def Info: figuras/175172.pdf, page2 used on input line 11.
(pdftex.def)             Requested size: 597.78697pt x 773.60669pt.
File: figuras/175172.pdf Graphic file (type pdf)
 <use figuras/175172.pdf, page 2>
Package pdftex.def Info: figuras/175172.pdf, page2 used on input line 11.
(pdftex.def)             Requested size: 597.78697pt x 773.60669pt.
File: figuras/175172.pdf Graphic file (type pdf)

<use figuras/175172.pdf, page 2>
Package pdftex.def Info: figuras/175172.pdf, page2 used on input line 11.
(pdftex.def)             Requested size: 597.78697pt x 773.60669pt.
 [61 <./figuras/175172.pdf>]

pdfTeX warning: pdflatex.exe (file ./figuras/175172.pdf): PDF inclusion: found 
PDF version <1.7>, but at most version <1.5> allowed
<figuras/175172.pdf, id=954, page=3, 614.295pt x 794.97pt>
File: figuras/175172.pdf Graphic file (type pdf)

<use figuras/175172.pdf, page 3>
Package pdftex.def Info: figuras/175172.pdf, page3 used on input line 11.
(pdftex.def)             Requested size: 597.78697pt x 773.60669pt.
File: figuras/175172.pdf Graphic file (type pdf)
 <use figuras/175172.pdf, page 3>
Package pdftex.def Info: figuras/175172.pdf, page3 used on input line 11.
(pdftex.def)             Requested size: 597.78697pt x 773.60669pt.
File: figuras/175172.pdf Graphic file (type pdf)

<use figuras/175172.pdf, page 3>
Package pdftex.def Info: figuras/175172.pdf, page3 used on input line 11.
(pdftex.def)             Requested size: 597.78697pt x 773.60669pt.
 [62 <./figuras/175172.pdf>]

pdfTeX warning: pdflatex.exe (file ./figuras/175172.pdf): PDF inclusion: found 
PDF version <1.7>, but at most version <1.5> allowed
<figuras/175172.pdf, id=985, page=4, 614.295pt x 794.97pt>
File: figuras/175172.pdf Graphic file (type pdf)

<use figuras/175172.pdf, page 4>
Package pdftex.def Info: figuras/175172.pdf, page4 used on input line 11.
(pdftex.def)             Requested size: 597.78697pt x 773.60669pt.
File: figuras/175172.pdf Graphic file (type pdf)
 <use figuras/175172.pdf, page 4>
Package pdftex.def Info: figuras/175172.pdf, page4 used on input line 11.
(pdftex.def)             Requested size: 597.78697pt x 773.60669pt.
File: figuras/175172.pdf Graphic file (type pdf)

<use figuras/175172.pdf, page 4>
Package pdftex.def Info: figuras/175172.pdf, page4 used on input line 11.
(pdftex.def)             Requested size: 597.78697pt x 773.60669pt.
 [63 <./figuras/175172.pdf>])
\openout2 = `03-pos-textuais/anexos.aux'.


(./03-pos-textuais/anexos.tex

Package hyperref Warning: Token not allowed in a PDF string (PDFDocEncoding):
(hyperref)                removing `\uppercase' on input line 5.

[64




] <figuras/SBGames17.pdf, id=1017, 844.15375pt x 597.23125pt>
File: figuras/SBGames17.pdf Graphic file (type pdf)

<use figuras/SBGames17.pdf>
Package pdftex.def Info: figuras/SBGames17.pdf used on input line 11.
(pdftex.def)             Requested size: 844.15169pt x 597.22978pt.
File: figuras/SBGames17.pdf Graphic file (type pdf)
 <use figuras/SBGames17.pdf>
Package pdftex.def Info: figuras/SBGames17.pdf used on input line 11.
(pdftex.def)             Requested size: 844.15169pt x 597.22978pt.

<figuras/SBGames17.pdf, id=1020, page=1, 844.15375pt x 597.23125pt>
File: figuras/SBGames17.pdf Graphic file (type pdf)

<use figuras/SBGames17.pdf, page 1>
Package pdftex.def Info: figuras/SBGames17.pdf, page1 used on input line 11.
(pdftex.def)             Requested size: 844.15169pt x 597.22978pt.
File: figuras/SBGames17.pdf Graphic file (type pdf)
 <use figuras/SBGames17.pdf, page 1>
Package pdftex.def Info: figuras/SBGames17.pdf, page1 used on input line 11.
(pdftex.def)             Requested size: 844.15169pt x 597.22978pt.

[65

]
File: figuras/SBGames17.pdf Graphic file (type pdf)
 <use figuras/SBGames17.pdf, page 1>
Package pdftex.def Info: figuras/SBGames17.pdf, page1 used on input line 11.
(pdftex.def)             Requested size: 844.15169pt x 597.22978pt.
File: figuras/SBGames17.pdf Graphic file (type pdf)
 <use figuras/SBGames17.pdf, page 1>
Package pdftex.def Info: figuras/SBGames17.pdf, page1 used on input line 11.
(pdftex.def)             Requested size: 844.15169pt x 597.22978pt.
File: figuras/SBGames17.pdf Graphic file (type pdf)

<use figuras/SBGames17.pdf, page 1>
Package pdftex.def Info: figuras/SBGames17.pdf, page1 used on input line 11.
(pdftex.def)             Requested size: 844.15169pt x 597.22978pt.
 [66 <./figuras/SBGames17.pdf>])

AED: lastpage setting LastPage
\tf@lof=\write6
\openout6 = `faceel-tcc.lof'.

\tf@lot=\write7
\openout7 = `faceel-tcc.lot'.

\tf@toc=\write8
\openout8 = `faceel-tcc.toc'.

Package atveryend Info: Empty hook `BeforeClearDocument' on input line 120.
Package atveryend Info: Empty hook `AfterLastShipout' on input line 120.
(./faceel-tcc.aux (./01-pre-textuais/capa.aux)
(./01-pre-textuais/folha-rosto.aux) (./01-pre-textuais/ficha-catalografica.aux)
(./01-pre-textuais/folha-aprovacao-pdf.aux) (./01-pre-textuais/dedicatoria.aux)
(./01-pre-textuais/agradecimentos.aux) (./01-pre-textuais/epigrafe.aux)
(./01-pre-textuais/resumo.aux) (./01-pre-textuais/abstract.aux)
(./01-pre-textuais/lista-figuras.aux) (./01-pre-textuais/lista-tabelas.aux)
(./01-pre-textuais/lista-siglas.aux) (./02-textuais/introducao.aux)
(./02-textuais/desenvolvimento/revisao-de-literatura.aux)
(./02-textuais/desenvolvimento/metodologia.aux)
(./02-textuais/desenvolvimento/araguaia-osvaldao.aux)
(./02-textuais/conclusao.aux) (./03-pos-textuais/referencias.aux)
(./03-pos-textuais/apendices.aux) (./03-pos-textuais/anexos.aux))
Package atveryend Info: Executing hook `AtVeryEndDocument' on input line 120.
Package atveryend Info: Executing hook `AtEndAfterFileList' on input line 120.
Package rerunfilecheck Info: File `faceel-tcc.brf' has not changed.
(rerunfilecheck)             Checksum: 145A1A712D9434D511A2B85653F81C2A;3348.


LaTeX Warning: Label(s) may have changed. Rerun to get cross-references right.

Package atveryend Info: Empty hook `AtVeryVeryEnd' on input line 120.
 )
(\end occurred inside a group at level 1)

### simple group (level 1) entered at line 1061 ({)
### bottom level 
Here is how much of TeX's memory you used:
 17294 strings out of 492995
 259218 string characters out of 6136402
 469698 words of memory out of 5000000
 19545 multiletter control sequences out of 15000+600000
 90428 words of font info for 582 fonts, out of 8000000 for 9000
 1143 hyphenation exceptions out of 8191
 47i,21n,50p,2064b,4120s stack positions out of 5000i,500n,10000p,200000b,80000s
pdfTeX warning (dest): name{Hfootnote.16} has been referenced b
ut does not exist, replaced by a fixed one

pdfTeX warning (dest): name{Hfootnote.15} has been referenced but does not exis
t, replaced by a fixed one

pdfTeX warning (dest): name{Hfootnote.14} has been referenced but does not exis
t, replaced by a fixed one

pdfTeX warning (dest): name{Hfootnote.13} has been referenced but does not exis
t, replaced by a fixed one

pdfTeX warning (dest): name{Hfootnote.12} has been referenced but does not exis
t, replaced by a fixed one

pdfTeX warning (dest): name{Hfootnote.11} has been referenced but does not exis
t, replaced by a fixed one

pdfTeX warning (dest): name{Hfootnote.10} has been referenced but does not exis
t, replaced by a fixed one

pdfTeX warning (dest): name{Hfootnote.9} has been referenced but does not exist
, replaced by a fixed one

pdfTeX warning (dest): name{Hfootnote.8} has been referenced but does not exist
, replaced by a fixed one

pdfTeX warning (dest): name{Hfootnote.7} has been referenced but does not exist
, replaced by a fixed one

pdfTeX warning (dest): name{Hfootnote.6} has been referenced but does not exist
, replaced by a fixed one

pdfTeX warning (dest): name{Hfootnote.5} has been referenced but does not exist
, replaced by a fixed one

pdfTeX warning (dest): name{Hfootnote.4} has been referenced but does not exist
, replaced by a fixed one

pdfTeX warning (dest): name{Hfootnote.3} has been referenced but does not exist
, replaced by a fixed one

pdfTeX warning (dest): name{Hfootnote.2} has been referenced but does not exist
, replaced by a fixed one

pdfTeX warning (dest): name{Hfootnote.1} has been referenced but does not exist
, replaced by a fixed one

<c:/texlive/2017/texmf-dist/fonts/type1/public/amsfonts/cm/cmbx10.pfb><c:/texli
ve/2017/texmf-dist/fonts/type1/public/amsfonts/cm/cmbx12.pfb><c:/texlive/2017/t
exmf-dist/fonts/type1/public/amsfonts/cm/cmbxti10.pfb><c:/texlive/2017/texmf-di
st/fonts/type1/public/amsfonts/cm/cmmi10.pfb><c:/texlive/2017/texmf-dist/fonts/
type1/public/amsfonts/cm/cmmi12.pfb><c:/texlive/2017/texmf-dist/fonts/type1/pub
lic/amsfonts/cm/cmr10.pfb><c:/texlive/2017/texmf-dist/fonts/type1/public/amsfon
ts/cm/cmr12.pfb><c:/texlive/2017/texmf-dist/fonts/type1/public/amsfonts/cm/cmr7
.pfb><c:/texlive/2017/texmf-dist/fonts/type1/public/amsfonts/cm/cmr8.pfb><c:/te
xlive/2017/texmf-dist/fonts/type1/public/amsfonts/cm/cmsy10.pfb><c:/texlive/201
7/texmf-dist/fonts/type1/public/amsfonts/cm/cmsy6.pfb><c:/texlive/2017/texmf-di
st/fonts/type1/public/amsfonts/cm/cmsy7.pfb><c:/texlive/2017/texmf-dist/fonts/t
ype1/public/amsfonts/cm/cmti10.pfb><c:/texlive/2017/texmf-dist/fonts/type1/publ
ic/amsfonts/cm/cmti12.pfb><c:/texlive/2017/texmf-dist/fonts/type1/public/amsfon
ts/cm/cmti8.pfb><c:/texlive/2017/texmf-dist/fonts/type1/urw/helvetic/uhvb8a.pfb
><c:/texlive/2017/texmf-dist/fonts/type1/urw/helvetic/uhvr8a.pfb><c:/texlive/20
17/texmf-dist/fonts/type1/urw/times/utmb8a.pfb><c:/texlive/2017/texmf-dist/font
s/type1/urw/times/utmr8a.pfb><c:/texlive/2017/texmf-dist/fonts/type1/urw/times/
utmri8a.pfb>
Output written on faceel-tcc.pdf (67 pages, 36032917 bytes).
PDF statistics:
 1402 PDF objects out of 1440 (max. 8388607)
 1154 compressed objects within 12 object streams
 224 named destinations out of 1000 (max. 500000)
 45892 words of extra memory for PDF output out of 51595 (max. 10000000)

